2026-03-29 12:04:25.937 INFO  [] [background-preinit] o.h.validator.internal.util.Version: HV000001: Hibernate Validator 8.0.3.Final
2026-03-29 12:04:25.990 INFO  [] [main] c.j.h.o.h.HibernateApplication: Starting HibernateApplication using Java 23.0.2 with PID 5504 (C:\Users\Alex_pk\IdeaProjects\javarush_spring_final\target\classes started by Alex_pk in C:\Users\Alex_pk\IdeaProjects\javarush_spring_final)
2026-03-29 12:04:25.991 INFO  [] [main] c.j.h.o.h.HibernateApplication: The following 1 profile is active: "dev"
2026-03-29 12:04:27.600 INFO  [] [main] o.s.d.r.c.RepositoryConfigurationDelegate: Bootstrapping Spring Data JPA repositories in DEFAULT mode.
2026-03-29 12:04:27.733 INFO  [] [main] o.s.d.r.c.RepositoryConfigurationDelegate: Finished Spring Data repository scanning in 105 ms. Found 7 JPA repository interfaces.
2026-03-29 12:04:27.972 INFO  [] [main] c.u.j.c.EnableEncryptablePropertiesBeanFactoryPostProcessor: Post-processing PropertySource instances
2026-03-29 12:04:27.973 INFO  [] [main] c.u.j.EncryptablePropertySourceConverter: Skipping PropertySource configurationProperties [class org.springframework.boot.context.properties.source.ConfigurationPropertySourcesPropertySource
2026-03-29 12:04:27.974 INFO  [] [main] c.u.j.EncryptablePropertySourceConverter: Skipping PropertySource servletConfigInitParams [class org.springframework.core.env.PropertySource$StubPropertySource
2026-03-29 12:04:27.974 INFO  [] [main] c.u.j.EncryptablePropertySourceConverter: Skipping PropertySource servletContextInitParams [class org.springframework.core.env.PropertySource$StubPropertySource
2026-03-29 12:04:27.974 INFO  [] [main] c.u.j.EncryptablePropertySourceConverter: Converting PropertySource systemProperties [org.springframework.core.env.PropertiesPropertySource] to EncryptableMapPropertySourceWrapper
2026-03-29 12:04:27.974 INFO  [] [main] c.u.j.EncryptablePropertySourceConverter: Converting PropertySource systemEnvironment [org.springframework.boot.env.SystemEnvironmentPropertySourceEnvironmentPostProcessor$OriginAwareSystemEnvironmentPropertySource] to EncryptableSystemEnvironmentPropertySourceWrapper
2026-03-29 12:04:27.975 INFO  [] [main] c.u.j.EncryptablePropertySourceConverter: Converting PropertySource random [org.springframework.boot.env.RandomValuePropertySource] to EncryptablePropertySourceWrapper
2026-03-29 12:04:27.975 INFO  [] [main] c.u.j.EncryptablePropertySourceConverter: Converting PropertySource Config resource 'class path resource [application-dev.properties]' via location 'optional:classpath:/' [org.springframework.boot.env.OriginTrackedMapPropertySource] to EncryptableMapPropertySourceWrapper
2026-03-29 12:04:27.975 INFO  [] [main] c.u.j.EncryptablePropertySourceConverter: Converting PropertySource applicationInfo [org.springframework.boot.ApplicationInfoPropertySource] to EncryptableMapPropertySourceWrapper
2026-03-29 12:04:28.989 INFO  [] [main] o.s.b.w.e.tomcat.TomcatWebServer: Tomcat initialized with port 8080 (http)
2026-03-29 12:04:29.002 INFO  [] [main] o.a.coyote.http11.Http11NioProtocol: Initializing ProtocolHandler ["http-nio-8080"]
2026-03-29 12:04:29.004 INFO  [] [main] o.a.catalina.core.StandardService: Starting service [Tomcat]
2026-03-29 12:04:29.004 INFO  [] [main] o.a.catalina.core.StandardEngine: Starting Servlet engine: [Apache Tomcat/10.1.48]
2026-03-29 12:04:29.062 INFO  [] [main] o.a.c.c.C.[Tomcat].[localhost].[/]: Initializing Spring embedded WebApplicationContext
2026-03-29 12:04:29.062 INFO  [] [main] o.s.b.w.s.c.ServletWebServerApplicationContext: Root WebApplicationContext: initialization completed in 3001 ms
2026-03-29 12:04:29.084 INFO  [] [main] c.u.j.f.DefaultLazyPropertyFilter: Property Filter custom Bean not found with name 'encryptablePropertyFilter'. Initializing Default Property Filter
2026-03-29 12:04:29.091 INFO  [] [main] c.u.j.r.DefaultLazyPropertyResolver: Property Resolver custom Bean not found with name 'encryptablePropertyResolver'. Initializing Default Property Resolver
2026-03-29 12:04:29.092 INFO  [] [main] c.u.j.d.DefaultLazyPropertyDetector: Property Detector custom Bean not found with name 'encryptablePropertyDetector'. Initializing Default Property Detector
2026-03-29 12:04:29.160 INFO  [] [main] c.u.j.encryptor.DefaultLazyEncryptor: String Encryptor custom Bean not found with name 'jasyptStringEncryptor'. Initializing Default String Encryptor
2026-03-29 12:04:29.169 INFO  [] [main] c.u.j.c.StringEncryptorBuilder: Encryptor config not found for property jasypt.encryptor.key-obtention-iterations, using default value: 1000
2026-03-29 12:04:29.169 INFO  [] [main] c.u.j.c.StringEncryptorBuilder: Encryptor config not found for property jasypt.encryptor.pool-size, using default value: 1
2026-03-29 12:04:29.169 INFO  [] [main] c.u.j.c.StringEncryptorBuilder: Encryptor config not found for property jasypt.encryptor.provider-name, using default value: null
2026-03-29 12:04:29.169 INFO  [] [main] c.u.j.c.StringEncryptorBuilder: Encryptor config not found for property jasypt.encryptor.provider-class-name, using default value: null
2026-03-29 12:04:29.170 INFO  [] [main] c.u.j.c.StringEncryptorBuilder: Encryptor config not found for property jasypt.encryptor.salt-generator-classname, using default value: org.jasypt.salt.RandomSaltGenerator
2026-03-29 12:04:29.171 INFO  [] [main] c.u.j.c.StringEncryptorBuilder: Encryptor config not found for property jasypt.encryptor.string-output-type, using default value: base64
2026-03-29 12:04:29.437 INFO  [] [main] o.h.jpa.internal.util.LogHelper: HHH000204: Processing PersistenceUnitInfo [name: default]
2026-03-29 12:04:29.512 INFO  [] [main] org.hibernate.Version: HHH000412: Hibernate ORM core version 6.6.33.Final
2026-03-29 12:04:29.553 INFO  [] [main] o.h.c.i.RegionFactoryInitiator: HHH000026: Second-level cache disabled
2026-03-29 12:04:29.875 INFO  [] [main] o.s.o.j.p.SpringPersistenceUnitInfo: No LoadTimeWeaver setup: ignoring JPA class transformer
2026-03-29 12:04:30.028 WARN  [] [main] com.zaxxer.hikari.HikariConfig: HikariPool-1 - idleTimeout has been set but has no effect because the pool is operating as a fixed size pool.
2026-03-29 12:04:30.028 INFO  [] [main] com.zaxxer.hikari.HikariDataSource: HikariPool-1 - Starting...
2026-03-29 12:04:31.132 INFO  [] [main] com.zaxxer.hikari.pool.HikariPool: HikariPool-1 - Added connection com.mysql.cj.jdbc.ConnectionImpl@42a97053
2026-03-29 12:04:31.134 INFO  [] [main] com.zaxxer.hikari.HikariDataSource: HikariPool-1 - Start completed.
2026-03-29 12:04:31.276 WARN  [] [main] org.hibernate.orm.deprecation: HHH90000025: MySQL8Dialect does not need to be specified explicitly using 'hibernate.dialect' (remove the property setting and it will be selected by default)
2026-03-29 12:04:31.277 WARN  [] [main] org.hibernate.orm.deprecation: HHH90000026: MySQL8Dialect has been deprecated; use org.hibernate.dialect.MySQLDialect instead
2026-03-29 12:04:31.294 INFO  [] [main] o.hibernate.orm.connections.pooling: HHH10001005: Database info:
	Database JDBC URL [Connecting through datasource 'HikariDataSource (HikariPool-1)']
	Database driver: undefined/unknown
	Database version: 8.0
	Autocommit mode: undefined/unknown
	Isolation level: undefined/unknown
	Minimum pool size: undefined/unknown
	Maximum pool size: undefined/unknown
2026-03-29 12:04:32.372 INFO  [] [main] o.h.e.t.j.p.i.JtaPlatformInitiator: HHH000489: No JTA platform available (set 'hibernate.transaction.jta.platform' to enable JTA platform integration)
2026-03-29 12:04:32.532 INFO  [] [main] o.s.o.j.LocalContainerEntityManagerFactoryBean: Initialized JPA EntityManagerFactory for persistence unit 'default'
2026-03-29 12:04:32.894 INFO  [] [main] o.s.d.j.r.query.QueryEnhancerFactory: Hibernate is in classpath; If applicable, HQL parser will be used.
2026-03-29 12:04:33.739 INFO  [] [main] o.s.s.c.a.a.c.InitializeUserDetailsBeanManagerConfigurer$InitializeUserDetailsManagerConfigurer: Global AuthenticationManager configured with UserDetailsService bean with name customUserDetailService
2026-03-29 12:04:33.974 WARN  [] [main] o.s.b.a.o.j.JpaBaseConfiguration$JpaWebConfiguration: spring.jpa.open-in-view is enabled by default. Therefore, database queries may be performed during view rendering. Explicitly configure spring.jpa.open-in-view to disable this warning
2026-03-29 12:04:34.830 INFO  [] [main] o.a.coyote.http11.Http11NioProtocol: Starting ProtocolHandler ["http-nio-8080"]
2026-03-29 12:04:34.846 INFO  [] [main] o.s.b.w.e.tomcat.TomcatWebServer: Tomcat started on port 8080 (http) with context path '/'
2026-03-29 12:04:34.848 INFO  [] [main] c.u.j.c.RefreshScopeRefreshedEventListener: Refreshing cached encryptable property sources on ServletWebServerInitializedEvent
2026-03-29 12:04:34.848 INFO  [] [main] c.u.j.c.CachingDelegateEncryptablePropertySource: Property Source systemProperties refreshed
2026-03-29 12:04:34.848 INFO  [] [main] c.u.j.c.CachingDelegateEncryptablePropertySource: Property Source systemEnvironment refreshed
2026-03-29 12:04:34.848 INFO  [] [main] c.u.j.c.CachingDelegateEncryptablePropertySource: Property Source random refreshed
2026-03-29 12:04:34.848 INFO  [] [main] c.u.j.c.CachingDelegateEncryptablePropertySource: Property Source Config resource 'class path resource [application-dev.properties]' via location 'optional:classpath:/' refreshed
2026-03-29 12:04:34.848 INFO  [] [main] c.u.j.c.CachingDelegateEncryptablePropertySource: Property Source applicationInfo refreshed
2026-03-29 12:04:34.848 INFO  [] [main] c.u.j.EncryptablePropertySourceConverter: Skipping PropertySource configurationProperties [class org.springframework.boot.context.properties.source.ConfigurationPropertySourcesPropertySource
2026-03-29 12:04:34.848 INFO  [] [main] c.u.j.EncryptablePropertySourceConverter: Skipping PropertySource servletConfigInitParams [class org.springframework.core.env.PropertySource$StubPropertySource
2026-03-29 12:04:34.848 INFO  [] [main] c.u.j.EncryptablePropertySourceConverter: Converting PropertySource servletContextInitParams [org.springframework.web.context.support.ServletContextPropertySource] to EncryptableEnumerablePropertySourceWrapper
2026-03-29 12:04:34.858 INFO  [] [main] o.s.s.config.TaskSchedulerRouter: No TaskScheduler/ScheduledExecutorService bean found for scheduled processing
2026-03-29 12:04:34.862 INFO  [] [main] c.j.h.o.h.HibernateApplication: Started HibernateApplication in 10.989 seconds (process running for 19.447)
2026-03-29 12:04:48.609 INFO  [] [http-nio-8080-exec-1] o.a.c.c.C.[Tomcat].[localhost].[/]: Initializing Spring DispatcherServlet 'dispatcherServlet'
2026-03-29 12:04:48.609 INFO  [] [http-nio-8080-exec-1] o.s.web.servlet.DispatcherServlet: Initializing Servlet 'dispatcherServlet'
2026-03-29 12:04:48.610 INFO  [] [http-nio-8080-exec-1] o.s.web.servlet.DispatcherServlet: Completed initialization in 1 ms
2026-03-29 12:13:36.674 INFO  [] [SpringApplicationShutdownHook] o.s.b.w.e.tomcat.GracefulShutdown: Commencing graceful shutdown. Waiting for active requests to complete
2026-03-29 12:13:36.683 INFO  [] [tomcat-shutdown] o.s.b.w.e.tomcat.GracefulShutdown: Graceful shutdown complete
2026-03-29 12:13:36.688 INFO  [] [SpringApplicationShutdownHook] o.s.o.j.LocalContainerEntityManagerFactoryBean: Closing JPA EntityManagerFactory for persistence unit 'default'
2026-03-29 12:13:36.690 INFO  [] [SpringApplicationShutdownHook] com.zaxxer.hikari.HikariDataSource: HikariPool-1 - Shutdown initiated...
2026-03-29 12:13:36.698 INFO  [] [SpringApplicationShutdownHook] com.zaxxer.hikari.HikariDataSource: HikariPool-1 - Shutdown completed.
2026-03-29 12:13:40.292 INFO  [] [background-preinit] o.h.validator.internal.util.Version: HV000001: Hibernate Validator 8.0.3.Final
2026-03-29 12:13:40.348 INFO  [] [main] c.j.h.o.h.HibernateApplication: Starting HibernateApplication using Java 23.0.2 with PID 6388 (C:\Users\Alex_pk\IdeaProjects\javarush_spring_final\target\classes started by Alex_pk in C:\Users\Alex_pk\IdeaProjects\javarush_spring_final)
2026-03-29 12:13:40.349 INFO  [] [main] c.j.h.o.h.HibernateApplication: The following 1 profile is active: "dev"
2026-03-29 12:13:41.183 INFO  [] [main] o.s.d.r.c.RepositoryConfigurationDelegate: Bootstrapping Spring Data JPA repositories in DEFAULT mode.
2026-03-29 12:13:41.259 INFO  [] [main] o.s.d.r.c.RepositoryConfigurationDelegate: Finished Spring Data repository scanning in 68 ms. Found 7 JPA repository interfaces.
2026-03-29 12:13:41.488 INFO  [] [main] c.u.j.c.EnableEncryptablePropertiesBeanFactoryPostProcessor: Post-processing PropertySource instances
2026-03-29 12:13:41.489 INFO  [] [main] c.u.j.EncryptablePropertySourceConverter: Skipping PropertySource configurationProperties [class org.springframework.boot.context.properties.source.ConfigurationPropertySourcesPropertySource
2026-03-29 12:13:41.489 INFO  [] [main] c.u.j.EncryptablePropertySourceConverter: Skipping PropertySource servletConfigInitParams [class org.springframework.core.env.PropertySource$StubPropertySource
2026-03-29 12:13:41.489 INFO  [] [main] c.u.j.EncryptablePropertySourceConverter: Skipping PropertySource servletContextInitParams [class org.springframework.core.env.PropertySource$StubPropertySource
2026-03-29 12:13:41.489 INFO  [] [main] c.u.j.EncryptablePropertySourceConverter: Converting PropertySource systemProperties [org.springframework.core.env.PropertiesPropertySource] to EncryptableMapPropertySourceWrapper
2026-03-29 12:13:41.490 INFO  [] [main] c.u.j.EncryptablePropertySourceConverter: Converting PropertySource systemEnvironment [org.springframework.boot.env.SystemEnvironmentPropertySourceEnvironmentPostProcessor$OriginAwareSystemEnvironmentPropertySource] to EncryptableSystemEnvironmentPropertySourceWrapper
2026-03-29 12:13:41.490 INFO  [] [main] c.u.j.EncryptablePropertySourceConverter: Converting PropertySource random [org.springframework.boot.env.RandomValuePropertySource] to EncryptablePropertySourceWrapper
2026-03-29 12:13:41.490 INFO  [] [main] c.u.j.EncryptablePropertySourceConverter: Converting PropertySource Config resource 'class path resource [application-dev.properties]' via location 'optional:classpath:/' [org.springframework.boot.env.OriginTrackedMapPropertySource] to EncryptableMapPropertySourceWrapper
2026-03-29 12:13:41.490 INFO  [] [main] c.u.j.EncryptablePropertySourceConverter: Converting PropertySource applicationInfo [org.springframework.boot.ApplicationInfoPropertySource] to EncryptableMapPropertySourceWrapper
2026-03-29 12:13:41.960 INFO  [] [main] o.s.b.w.e.tomcat.TomcatWebServer: Tomcat initialized with port 8080 (http)
2026-03-29 12:13:41.972 INFO  [] [main] o.a.coyote.http11.Http11NioProtocol: Initializing ProtocolHandler ["http-nio-8080"]
2026-03-29 12:13:41.973 INFO  [] [main] o.a.catalina.core.StandardService: Starting service [Tomcat]
2026-03-29 12:13:41.973 INFO  [] [main] o.a.catalina.core.StandardEngine: Starting Servlet engine: [Apache Tomcat/10.1.48]
2026-03-29 12:13:42.026 INFO  [] [main] o.a.c.c.C.[Tomcat].[localhost].[/]: Initializing Spring embedded WebApplicationContext
2026-03-29 12:13:42.026 INFO  [] [main] o.s.b.w.s.c.ServletWebServerApplicationContext: Root WebApplicationContext: initialization completed in 1619 ms
2026-03-29 12:13:42.046 INFO  [] [main] c.u.j.f.DefaultLazyPropertyFilter: Property Filter custom Bean not found with name 'encryptablePropertyFilter'. Initializing Default Property Filter
2026-03-29 12:13:42.053 INFO  [] [main] c.u.j.r.DefaultLazyPropertyResolver: Property Resolver custom Bean not found with name 'encryptablePropertyResolver'. Initializing Default Property Resolver
2026-03-29 12:13:42.054 INFO  [] [main] c.u.j.d.DefaultLazyPropertyDetector: Property Detector custom Bean not found with name 'encryptablePropertyDetector'. Initializing Default Property Detector
2026-03-29 12:13:42.122 INFO  [] [main] c.u.j.encryptor.DefaultLazyEncryptor: String Encryptor custom Bean not found with name 'jasyptStringEncryptor'. Initializing Default String Encryptor
2026-03-29 12:13:42.130 INFO  [] [main] c.u.j.c.StringEncryptorBuilder: Encryptor config not found for property jasypt.encryptor.key-obtention-iterations, using default value: 1000
2026-03-29 12:13:42.131 INFO  [] [main] c.u.j.c.StringEncryptorBuilder: Encryptor config not found for property jasypt.encryptor.pool-size, using default value: 1
2026-03-29 12:13:42.131 INFO  [] [main] c.u.j.c.StringEncryptorBuilder: Encryptor config not found for property jasypt.encryptor.provider-name, using default value: null
2026-03-29 12:13:42.132 INFO  [] [main] c.u.j.c.StringEncryptorBuilder: Encryptor config not found for property jasypt.encryptor.provider-class-name, using default value: null
2026-03-29 12:13:42.132 INFO  [] [main] c.u.j.c.StringEncryptorBuilder: Encryptor config not found for property jasypt.encryptor.salt-generator-classname, using default value: org.jasypt.salt.RandomSaltGenerator
2026-03-29 12:13:42.133 INFO  [] [main] c.u.j.c.StringEncryptorBuilder: Encryptor config not found for property jasypt.encryptor.string-output-type, using default value: base64
2026-03-29 12:13:42.275 INFO  [] [main] o.h.jpa.internal.util.LogHelper: HHH000204: Processing PersistenceUnitInfo [name: default]
2026-03-29 12:13:42.322 INFO  [] [main] org.hibernate.Version: HHH000412: Hibernate ORM core version 6.6.33.Final
2026-03-29 12:13:42.351 INFO  [] [main] o.h.c.i.RegionFactoryInitiator: HHH000026: Second-level cache disabled
2026-03-29 12:13:42.603 INFO  [] [main] o.s.o.j.p.SpringPersistenceUnitInfo: No LoadTimeWeaver setup: ignoring JPA class transformer
2026-03-29 12:13:42.629 WARN  [] [main] com.zaxxer.hikari.HikariConfig: HikariPool-1 - idleTimeout has been set but has no effect because the pool is operating as a fixed size pool.
2026-03-29 12:13:42.629 INFO  [] [main] com.zaxxer.hikari.HikariDataSource: HikariPool-1 - Starting...
2026-03-29 12:13:42.960 INFO  [] [main] com.zaxxer.hikari.pool.HikariPool: HikariPool-1 - Added connection com.mysql.cj.jdbc.ConnectionImpl@e04b8a0
2026-03-29 12:13:42.961 INFO  [] [main] com.zaxxer.hikari.HikariDataSource: HikariPool-1 - Start completed.
2026-03-29 12:13:43.002 WARN  [] [main] org.hibernate.orm.deprecation: HHH90000025: MySQL8Dialect does not need to be specified explicitly using 'hibernate.dialect' (remove the property setting and it will be selected by default)
2026-03-29 12:13:43.003 WARN  [] [main] org.hibernate.orm.deprecation: HHH90000026: MySQL8Dialect has been deprecated; use org.hibernate.dialect.MySQLDialect instead
2026-03-29 12:13:43.021 INFO  [] [main] o.hibernate.orm.connections.pooling: HHH10001005: Database info:
	Database JDBC URL [Connecting through datasource 'HikariDataSource (HikariPool-1)']
	Database driver: undefined/unknown
	Database version: 8.0
	Autocommit mode: undefined/unknown
	Isolation level: undefined/unknown
	Minimum pool size: undefined/unknown
	Maximum pool size: undefined/unknown
2026-03-29 12:13:44.046 INFO  [] [main] o.h.e.t.j.p.i.JtaPlatformInitiator: HHH000489: No JTA platform available (set 'hibernate.transaction.jta.platform' to enable JTA platform integration)
2026-03-29 12:13:44.215 INFO  [] [main] o.s.o.j.LocalContainerEntityManagerFactoryBean: Initialized JPA EntityManagerFactory for persistence unit 'default'
2026-03-29 12:13:44.532 INFO  [] [main] o.s.d.j.r.query.QueryEnhancerFactory: Hibernate is in classpath; If applicable, HQL parser will be used.
2026-03-29 12:13:45.315 INFO  [] [main] o.s.s.c.a.a.c.InitializeUserDetailsBeanManagerConfigurer$InitializeUserDetailsManagerConfigurer: Global AuthenticationManager configured with UserDetailsService bean with name customUserDetailService
2026-03-29 12:13:45.429 WARN  [] [main] o.s.b.a.o.j.JpaBaseConfiguration$JpaWebConfiguration: spring.jpa.open-in-view is enabled by default. Therefore, database queries may be performed during view rendering. Explicitly configure spring.jpa.open-in-view to disable this warning
2026-03-29 12:13:46.176 INFO  [] [main] o.a.coyote.http11.Http11NioProtocol: Starting ProtocolHandler ["http-nio-8080"]
2026-03-29 12:13:46.191 INFO  [] [main] o.s.b.w.e.tomcat.TomcatWebServer: Tomcat started on port 8080 (http) with context path '/'
2026-03-29 12:13:46.192 INFO  [] [main] c.u.j.c.RefreshScopeRefreshedEventListener: Refreshing cached encryptable property sources on ServletWebServerInitializedEvent
2026-03-29 12:13:46.193 INFO  [] [main] c.u.j.c.CachingDelegateEncryptablePropertySource: Property Source systemProperties refreshed
2026-03-29 12:13:46.193 INFO  [] [main] c.u.j.c.CachingDelegateEncryptablePropertySource: Property Source systemEnvironment refreshed
2026-03-29 12:13:46.193 INFO  [] [main] c.u.j.c.CachingDelegateEncryptablePropertySource: Property Source random refreshed
2026-03-29 12:13:46.193 INFO  [] [main] c.u.j.c.CachingDelegateEncryptablePropertySource: Property Source Config resource 'class path resource [application-dev.properties]' via location 'optional:classpath:/' refreshed
2026-03-29 12:13:46.193 INFO  [] [main] c.u.j.c.CachingDelegateEncryptablePropertySource: Property Source applicationInfo refreshed
2026-03-29 12:13:46.194 INFO  [] [main] c.u.j.EncryptablePropertySourceConverter: Skipping PropertySource configurationProperties [class org.springframework.boot.context.properties.source.ConfigurationPropertySourcesPropertySource
2026-03-29 12:13:46.194 INFO  [] [main] c.u.j.EncryptablePropertySourceConverter: Skipping PropertySource servletConfigInitParams [class org.springframework.core.env.PropertySource$StubPropertySource
2026-03-29 12:13:46.194 INFO  [] [main] c.u.j.EncryptablePropertySourceConverter: Converting PropertySource servletContextInitParams [org.springframework.web.context.support.ServletContextPropertySource] to EncryptableEnumerablePropertySourceWrapper
2026-03-29 12:13:46.201 INFO  [] [main] o.s.s.config.TaskSchedulerRouter: No TaskScheduler/ScheduledExecutorService bean found for scheduled processing
2026-03-29 12:13:46.206 INFO  [] [main] c.j.h.o.h.HibernateApplication: Started HibernateApplication in 6.425 seconds (process running for 7.116)
2026-03-29 12:13:52.079 INFO  [] [http-nio-8080-exec-1] o.a.c.c.C.[Tomcat].[localhost].[/]: Initializing Spring DispatcherServlet 'dispatcherServlet'
2026-03-29 12:13:52.079 INFO  [] [http-nio-8080-exec-1] o.s.web.servlet.DispatcherServlet: Initializing Servlet 'dispatcherServlet'
2026-03-29 12:13:52.080 INFO  [] [http-nio-8080-exec-1] o.s.web.servlet.DispatcherServlet: Completed initialization in 1 ms
2026-03-29 12:13:52.121 INFO  [] [http-nio-8080-exec-1] c.j.h.o.h.c.home.HomeUIController: Начало работы метода: home
2026-03-29 12:14:45.481 INFO  [] [http-nio-8080-exec-9] c.j.h.o.h.c.home.HomeUIController: Начало работы метода: home
2026-03-29 12:16:48.020 INFO  [] [http-nio-8080-exec-9] c.j.h.o.h.c.home.HomeUIController: Начало работы метода: home
2026-03-29 12:16:52.538 INFO  [] [http-nio-8080-exec-7] c.j.h.o.h.c.p.ProfileUIController: Начало работы метода: showLoginPage
2026-03-29 12:18:28.360 INFO  [] [SpringApplicationShutdownHook] o.s.b.w.e.tomcat.GracefulShutdown: Commencing graceful shutdown. Waiting for active requests to complete
2026-03-29 12:18:28.369 INFO  [] [tomcat-shutdown] o.s.b.w.e.tomcat.GracefulShutdown: Graceful shutdown complete
2026-03-29 12:18:28.374 INFO  [] [SpringApplicationShutdownHook] o.s.o.j.LocalContainerEntityManagerFactoryBean: Closing JPA EntityManagerFactory for persistence unit 'default'
2026-03-29 12:18:28.376 INFO  [] [SpringApplicationShutdownHook] com.zaxxer.hikari.HikariDataSource: HikariPool-1 - Shutdown initiated...
2026-03-29 12:18:28.387 INFO  [] [SpringApplicationShutdownHook] com.zaxxer.hikari.HikariDataSource: HikariPool-1 - Shutdown completed.
2026-03-29 12:18:32.021 INFO  [] [background-preinit] o.h.validator.internal.util.Version: HV000001: Hibernate Validator 8.0.3.Final
2026-03-29 12:18:32.079 INFO  [] [main] c.j.h.o.h.HibernateApplication: Starting HibernateApplication using Java 23.0.2 with PID 14728 (C:\Users\Alex_pk\IdeaProjects\javarush_spring_final\target\classes started by Alex_pk in C:\Users\Alex_pk\IdeaProjects\javarush_spring_final)
2026-03-29 12:18:32.080 INFO  [] [main] c.j.h.o.h.HibernateApplication: The following 1 profile is active: "dev"
2026-03-29 12:18:32.886 INFO  [] [main] o.s.d.r.c.RepositoryConfigurationDelegate: Bootstrapping Spring Data JPA repositories in DEFAULT mode.
2026-03-29 12:18:32.968 INFO  [] [main] o.s.d.r.c.RepositoryConfigurationDelegate: Finished Spring Data repository scanning in 73 ms. Found 7 JPA repository interfaces.
2026-03-29 12:18:33.198 INFO  [] [main] c.u.j.c.EnableEncryptablePropertiesBeanFactoryPostProcessor: Post-processing PropertySource instances
2026-03-29 12:18:33.206 INFO  [] [main] c.u.j.EncryptablePropertySourceConverter: Skipping PropertySource configurationProperties [class org.springframework.boot.context.properties.source.ConfigurationPropertySourcesPropertySource
2026-03-29 12:18:33.206 INFO  [] [main] c.u.j.EncryptablePropertySourceConverter: Skipping PropertySource servletConfigInitParams [class org.springframework.core.env.PropertySource$StubPropertySource
2026-03-29 12:18:33.206 INFO  [] [main] c.u.j.EncryptablePropertySourceConverter: Skipping PropertySource servletContextInitParams [class org.springframework.core.env.PropertySource$StubPropertySource
2026-03-29 12:18:33.207 INFO  [] [main] c.u.j.EncryptablePropertySourceConverter: Converting PropertySource systemProperties [org.springframework.core.env.PropertiesPropertySource] to EncryptableMapPropertySourceWrapper
2026-03-29 12:18:33.207 INFO  [] [main] c.u.j.EncryptablePropertySourceConverter: Converting PropertySource systemEnvironment [org.springframework.boot.env.SystemEnvironmentPropertySourceEnvironmentPostProcessor$OriginAwareSystemEnvironmentPropertySource] to EncryptableSystemEnvironmentPropertySourceWrapper
2026-03-29 12:18:33.207 INFO  [] [main] c.u.j.EncryptablePropertySourceConverter: Converting PropertySource random [org.springframework.boot.env.RandomValuePropertySource] to EncryptablePropertySourceWrapper
2026-03-29 12:18:33.207 INFO  [] [main] c.u.j.EncryptablePropertySourceConverter: Converting PropertySource Config resource 'class path resource [application-dev.properties]' via location 'optional:classpath:/' [org.springframework.boot.env.OriginTrackedMapPropertySource] to EncryptableMapPropertySourceWrapper
2026-03-29 12:18:33.208 INFO  [] [main] c.u.j.EncryptablePropertySourceConverter: Converting PropertySource applicationInfo [org.springframework.boot.ApplicationInfoPropertySource] to EncryptableMapPropertySourceWrapper
2026-03-29 12:18:33.667 INFO  [] [main] o.s.b.w.e.tomcat.TomcatWebServer: Tomcat initialized with port 8080 (http)
2026-03-29 12:18:33.678 INFO  [] [main] o.a.coyote.http11.Http11NioProtocol: Initializing ProtocolHandler ["http-nio-8080"]
2026-03-29 12:18:33.679 INFO  [] [main] o.a.catalina.core.StandardService: Starting service [Tomcat]
2026-03-29 12:18:33.680 INFO  [] [main] o.a.catalina.core.StandardEngine: Starting Servlet engine: [Apache Tomcat/10.1.48]
2026-03-29 12:18:33.733 INFO  [] [main] o.a.c.c.C.[Tomcat].[localhost].[/]: Initializing Spring embedded WebApplicationContext
2026-03-29 12:18:33.733 INFO  [] [main] o.s.b.w.s.c.ServletWebServerApplicationContext: Root WebApplicationContext: initialization completed in 1599 ms
2026-03-29 12:18:33.755 INFO  [] [main] c.u.j.f.DefaultLazyPropertyFilter: Property Filter custom Bean not found with name 'encryptablePropertyFilter'. Initializing Default Property Filter
2026-03-29 12:18:33.762 INFO  [] [main] c.u.j.r.DefaultLazyPropertyResolver: Property Resolver custom Bean not found with name 'encryptablePropertyResolver'. Initializing Default Property Resolver
2026-03-29 12:18:33.763 INFO  [] [main] c.u.j.d.DefaultLazyPropertyDetector: Property Detector custom Bean not found with name 'encryptablePropertyDetector'. Initializing Default Property Detector
2026-03-29 12:18:33.834 INFO  [] [main] c.u.j.encryptor.DefaultLazyEncryptor: String Encryptor custom Bean not found with name 'jasyptStringEncryptor'. Initializing Default String Encryptor
2026-03-29 12:18:33.842 INFO  [] [main] c.u.j.c.StringEncryptorBuilder: Encryptor config not found for property jasypt.encryptor.key-obtention-iterations, using default value: 1000
2026-03-29 12:18:33.843 INFO  [] [main] c.u.j.c.StringEncryptorBuilder: Encryptor config not found for property jasypt.encryptor.pool-size, using default value: 1
2026-03-29 12:18:33.843 INFO  [] [main] c.u.j.c.StringEncryptorBuilder: Encryptor config not found for property jasypt.encryptor.provider-name, using default value: null
2026-03-29 12:18:33.843 INFO  [] [main] c.u.j.c.StringEncryptorBuilder: Encryptor config not found for property jasypt.encryptor.provider-class-name, using default value: null
2026-03-29 12:18:33.843 INFO  [] [main] c.u.j.c.StringEncryptorBuilder: Encryptor config not found for property jasypt.encryptor.salt-generator-classname, using default value: org.jasypt.salt.RandomSaltGenerator
2026-03-29 12:18:33.844 INFO  [] [main] c.u.j.c.StringEncryptorBuilder: Encryptor config not found for property jasypt.encryptor.string-output-type, using default value: base64
2026-03-29 12:18:34.034 INFO  [] [main] o.h.jpa.internal.util.LogHelper: HHH000204: Processing PersistenceUnitInfo [name: default]
2026-03-29 12:18:34.080 INFO  [] [main] org.hibernate.Version: HHH000412: Hibernate ORM core version 6.6.33.Final
2026-03-29 12:18:34.109 INFO  [] [main] o.h.c.i.RegionFactoryInitiator: HHH000026: Second-level cache disabled
2026-03-29 12:18:34.382 INFO  [] [main] o.s.o.j.p.SpringPersistenceUnitInfo: No LoadTimeWeaver setup: ignoring JPA class transformer
2026-03-29 12:18:34.410 WARN  [] [main] com.zaxxer.hikari.HikariConfig: HikariPool-1 - idleTimeout has been set but has no effect because the pool is operating as a fixed size pool.
2026-03-29 12:18:34.410 INFO  [] [main] com.zaxxer.hikari.HikariDataSource: HikariPool-1 - Starting...
2026-03-29 12:18:34.782 INFO  [] [main] com.zaxxer.hikari.pool.HikariPool: HikariPool-1 - Added connection com.mysql.cj.jdbc.ConnectionImpl@5895c065
2026-03-29 12:18:34.783 INFO  [] [main] com.zaxxer.hikari.HikariDataSource: HikariPool-1 - Start completed.
2026-03-29 12:18:34.823 WARN  [] [main] org.hibernate.orm.deprecation: HHH90000025: MySQL8Dialect does not need to be specified explicitly using 'hibernate.dialect' (remove the property setting and it will be selected by default)
2026-03-29 12:18:34.824 WARN  [] [main] org.hibernate.orm.deprecation: HHH90000026: MySQL8Dialect has been deprecated; use org.hibernate.dialect.MySQLDialect instead
2026-03-29 12:18:34.840 INFO  [] [main] o.hibernate.orm.connections.pooling: HHH10001005: Database info:
	Database JDBC URL [Connecting through datasource 'HikariDataSource (HikariPool-1)']
	Database driver: undefined/unknown
	Database version: 8.0
	Autocommit mode: undefined/unknown
	Isolation level: undefined/unknown
	Minimum pool size: undefined/unknown
	Maximum pool size: undefined/unknown
2026-03-29 12:18:35.830 INFO  [] [main] o.h.e.t.j.p.i.JtaPlatformInitiator: HHH000489: No JTA platform available (set 'hibernate.transaction.jta.platform' to enable JTA platform integration)
2026-03-29 12:18:35.956 INFO  [] [main] o.s.o.j.LocalContainerEntityManagerFactoryBean: Initialized JPA EntityManagerFactory for persistence unit 'default'
2026-03-29 12:18:36.197 INFO  [] [main] o.s.d.j.r.query.QueryEnhancerFactory: Hibernate is in classpath; If applicable, HQL parser will be used.
2026-03-29 12:18:36.990 INFO  [] [main] o.s.s.c.a.a.c.InitializeUserDetailsBeanManagerConfigurer$InitializeUserDetailsManagerConfigurer: Global AuthenticationManager configured with UserDetailsService bean with name customUserDetailService
2026-03-29 12:18:37.101 WARN  [] [main] o.s.b.a.o.j.JpaBaseConfiguration$JpaWebConfiguration: spring.jpa.open-in-view is enabled by default. Therefore, database queries may be performed during view rendering. Explicitly configure spring.jpa.open-in-view to disable this warning
2026-03-29 12:18:37.829 INFO  [] [main] o.a.coyote.http11.Http11NioProtocol: Starting ProtocolHandler ["http-nio-8080"]
2026-03-29 12:18:37.843 INFO  [] [main] o.s.b.w.e.tomcat.TomcatWebServer: Tomcat started on port 8080 (http) with context path '/'
2026-03-29 12:18:37.845 INFO  [] [main] c.u.j.c.RefreshScopeRefreshedEventListener: Refreshing cached encryptable property sources on ServletWebServerInitializedEvent
2026-03-29 12:18:37.845 INFO  [] [main] c.u.j.c.CachingDelegateEncryptablePropertySource: Property Source systemProperties refreshed
2026-03-29 12:18:37.845 INFO  [] [main] c.u.j.c.CachingDelegateEncryptablePropertySource: Property Source systemEnvironment refreshed
2026-03-29 12:18:37.845 INFO  [] [main] c.u.j.c.CachingDelegateEncryptablePropertySource: Property Source random refreshed
2026-03-29 12:18:37.845 INFO  [] [main] c.u.j.c.CachingDelegateEncryptablePropertySource: Property Source Config resource 'class path resource [application-dev.properties]' via location 'optional:classpath:/' refreshed
2026-03-29 12:18:37.845 INFO  [] [main] c.u.j.c.CachingDelegateEncryptablePropertySource: Property Source applicationInfo refreshed
2026-03-29 12:18:37.845 INFO  [] [main] c.u.j.EncryptablePropertySourceConverter: Skipping PropertySource configurationProperties [class org.springframework.boot.context.properties.source.ConfigurationPropertySourcesPropertySource
2026-03-29 12:18:37.845 INFO  [] [main] c.u.j.EncryptablePropertySourceConverter: Skipping PropertySource servletConfigInitParams [class org.springframework.core.env.PropertySource$StubPropertySource
2026-03-29 12:18:37.845 INFO  [] [main] c.u.j.EncryptablePropertySourceConverter: Converting PropertySource servletContextInitParams [org.springframework.web.context.support.ServletContextPropertySource] to EncryptableEnumerablePropertySourceWrapper
2026-03-29 12:18:37.854 INFO  [] [main] o.s.s.config.TaskSchedulerRouter: No TaskScheduler/ScheduledExecutorService bean found for scheduled processing
2026-03-29 12:18:37.857 INFO  [] [main] c.j.h.o.h.HibernateApplication: Started HibernateApplication in 6.314 seconds (process running for 6.917)
2026-03-29 12:18:52.928 INFO  [] [http-nio-8080-exec-1] o.a.c.c.C.[Tomcat].[localhost].[/]: Initializing Spring DispatcherServlet 'dispatcherServlet'
2026-03-29 12:18:52.928 INFO  [] [http-nio-8080-exec-1] o.s.web.servlet.DispatcherServlet: Initializing Servlet 'dispatcherServlet'
2026-03-29 12:18:52.929 INFO  [] [http-nio-8080-exec-1] o.s.web.servlet.DispatcherServlet: Completed initialization in 1 ms
2026-03-29 12:18:53.067 INFO  [] [http-nio-8080-exec-1] c.j.h.o.h.c.p.ProfileUIController: Начало работы метода: showLoginPage
2026-03-29 12:18:53.068 INFO  [] [http-nio-8080-exec-1] c.j.h.o.h.c.p.ProfileUIController: Завершение работы метода: showLoginPage
2026-03-29 12:18:53.068 INFO  [] [http-nio-8080-exec-1] c.j.h.o.h.c.p.ProfileUIController: INFO сообщение
2026-03-29 12:18:53.068 WARN  [] [http-nio-8080-exec-1] c.j.h.o.h.c.p.ProfileUIController: WARN сообщение
2026-03-29 12:18:53.068 ERROR [] [http-nio-8080-exec-1] c.j.h.o.h.c.p.ProfileUIController: ERROR сообщение
2026-03-29 12:19:20.965 INFO  [] [SpringApplicationShutdownHook] o.s.b.w.e.tomcat.GracefulShutdown: Commencing graceful shutdown. Waiting for active requests to complete
2026-03-29 12:19:20.975 INFO  [] [tomcat-shutdown] o.s.b.w.e.tomcat.GracefulShutdown: Graceful shutdown complete
2026-03-29 12:19:20.980 INFO  [] [SpringApplicationShutdownHook] o.s.o.j.LocalContainerEntityManagerFactoryBean: Closing JPA EntityManagerFactory for persistence unit 'default'
2026-03-29 12:19:20.984 INFO  [] [SpringApplicationShutdownHook] com.zaxxer.hikari.HikariDataSource: HikariPool-1 - Shutdown initiated...
2026-03-29 12:19:20.994 INFO  [] [SpringApplicationShutdownHook] com.zaxxer.hikari.HikariDataSource: HikariPool-1 - Shutdown completed.
2026-03-29 12:19:24.812 INFO  [] [background-preinit] o.h.validator.internal.util.Version: HV000001: Hibernate Validator 8.0.3.Final
2026-03-29 12:19:24.861 INFO  [] [main] c.j.h.o.h.HibernateApplication: Starting HibernateApplication using Java 23.0.2 with PID 13856 (C:\Users\Alex_pk\IdeaProjects\javarush_spring_final\target\classes started by Alex_pk in C:\Users\Alex_pk\IdeaProjects\javarush_spring_final)
2026-03-29 12:19:24.862 INFO  [] [main] c.j.h.o.h.HibernateApplication: The following 1 profile is active: "dev"
2026-03-29 12:19:25.665 INFO  [] [main] o.s.d.r.c.RepositoryConfigurationDelegate: Bootstrapping Spring Data JPA repositories in DEFAULT mode.
2026-03-29 12:19:25.742 INFO  [] [main] o.s.d.r.c.RepositoryConfigurationDelegate: Finished Spring Data repository scanning in 68 ms. Found 7 JPA repository interfaces.
2026-03-29 12:19:25.971 INFO  [] [main] c.u.j.c.EnableEncryptablePropertiesBeanFactoryPostProcessor: Post-processing PropertySource instances
2026-03-29 12:19:25.972 INFO  [] [main] c.u.j.EncryptablePropertySourceConverter: Skipping PropertySource configurationProperties [class org.springframework.boot.context.properties.source.ConfigurationPropertySourcesPropertySource
2026-03-29 12:19:25.972 INFO  [] [main] c.u.j.EncryptablePropertySourceConverter: Skipping PropertySource servletConfigInitParams [class org.springframework.core.env.PropertySource$StubPropertySource
2026-03-29 12:19:25.972 INFO  [] [main] c.u.j.EncryptablePropertySourceConverter: Skipping PropertySource servletContextInitParams [class org.springframework.core.env.PropertySource$StubPropertySource
2026-03-29 12:19:25.973 INFO  [] [main] c.u.j.EncryptablePropertySourceConverter: Converting PropertySource systemProperties [org.springframework.core.env.PropertiesPropertySource] to EncryptableMapPropertySourceWrapper
2026-03-29 12:19:25.973 INFO  [] [main] c.u.j.EncryptablePropertySourceConverter: Converting PropertySource systemEnvironment [org.springframework.boot.env.SystemEnvironmentPropertySourceEnvironmentPostProcessor$OriginAwareSystemEnvironmentPropertySource] to EncryptableSystemEnvironmentPropertySourceWrapper
2026-03-29 12:19:25.973 INFO  [] [main] c.u.j.EncryptablePropertySourceConverter: Converting PropertySource random [org.springframework.boot.env.RandomValuePropertySource] to EncryptablePropertySourceWrapper
2026-03-29 12:19:25.973 INFO  [] [main] c.u.j.EncryptablePropertySourceConverter: Converting PropertySource Config resource 'class path resource [application-dev.properties]' via location 'optional:classpath:/' [org.springframework.boot.env.OriginTrackedMapPropertySource] to EncryptableMapPropertySourceWrapper
2026-03-29 12:19:25.973 INFO  [] [main] c.u.j.EncryptablePropertySourceConverter: Converting PropertySource applicationInfo [org.springframework.boot.ApplicationInfoPropertySource] to EncryptableMapPropertySourceWrapper
2026-03-29 12:19:26.437 INFO  [] [main] o.s.b.w.e.tomcat.TomcatWebServer: Tomcat initialized with port 8080 (http)
2026-03-29 12:19:26.450 INFO  [] [main] o.a.coyote.http11.Http11NioProtocol: Initializing ProtocolHandler ["http-nio-8080"]
2026-03-29 12:19:26.451 INFO  [] [main] o.a.catalina.core.StandardService: Starting service [Tomcat]
2026-03-29 12:19:26.452 INFO  [] [main] o.a.catalina.core.StandardEngine: Starting Servlet engine: [Apache Tomcat/10.1.48]
2026-03-29 12:19:26.509 INFO  [] [main] o.a.c.c.C.[Tomcat].[localhost].[/]: Initializing Spring embedded WebApplicationContext
2026-03-29 12:19:26.509 INFO  [] [main] o.s.b.w.s.c.ServletWebServerApplicationContext: Root WebApplicationContext: initialization completed in 1594 ms
2026-03-29 12:19:26.532 INFO  [] [main] c.u.j.f.DefaultLazyPropertyFilter: Property Filter custom Bean not found with name 'encryptablePropertyFilter'. Initializing Default Property Filter
2026-03-29 12:19:26.539 INFO  [] [main] c.u.j.r.DefaultLazyPropertyResolver: Property Resolver custom Bean not found with name 'encryptablePropertyResolver'. Initializing Default Property Resolver
2026-03-29 12:19:26.541 INFO  [] [main] c.u.j.d.DefaultLazyPropertyDetector: Property Detector custom Bean not found with name 'encryptablePropertyDetector'. Initializing Default Property Detector
2026-03-29 12:19:26.613 INFO  [] [main] c.u.j.encryptor.DefaultLazyEncryptor: String Encryptor custom Bean not found with name 'jasyptStringEncryptor'. Initializing Default String Encryptor
2026-03-29 12:19:26.620 INFO  [] [main] c.u.j.c.StringEncryptorBuilder: Encryptor config not found for property jasypt.encryptor.key-obtention-iterations, using default value: 1000
2026-03-29 12:19:26.621 INFO  [] [main] c.u.j.c.StringEncryptorBuilder: Encryptor config not found for property jasypt.encryptor.pool-size, using default value: 1
2026-03-29 12:19:26.621 INFO  [] [main] c.u.j.c.StringEncryptorBuilder: Encryptor config not found for property jasypt.encryptor.provider-name, using default value: null
2026-03-29 12:19:26.621 INFO  [] [main] c.u.j.c.StringEncryptorBuilder: Encryptor config not found for property jasypt.encryptor.provider-class-name, using default value: null
2026-03-29 12:19:26.621 INFO  [] [main] c.u.j.c.StringEncryptorBuilder: Encryptor config not found for property jasypt.encryptor.salt-generator-classname, using default value: org.jasypt.salt.RandomSaltGenerator
2026-03-29 12:19:26.622 INFO  [] [main] c.u.j.c.StringEncryptorBuilder: Encryptor config not found for property jasypt.encryptor.string-output-type, using default value: base64
2026-03-29 12:19:26.767 INFO  [] [main] o.h.jpa.internal.util.LogHelper: HHH000204: Processing PersistenceUnitInfo [name: default]
2026-03-29 12:19:26.812 INFO  [] [main] org.hibernate.Version: HHH000412: Hibernate ORM core version 6.6.33.Final
2026-03-29 12:19:26.841 INFO  [] [main] o.h.c.i.RegionFactoryInitiator: HHH000026: Second-level cache disabled
2026-03-29 12:19:27.084 INFO  [] [main] o.s.o.j.p.SpringPersistenceUnitInfo: No LoadTimeWeaver setup: ignoring JPA class transformer
2026-03-29 12:19:27.110 WARN  [] [main] com.zaxxer.hikari.HikariConfig: HikariPool-1 - idleTimeout has been set but has no effect because the pool is operating as a fixed size pool.
2026-03-29 12:19:27.110 INFO  [] [main] com.zaxxer.hikari.HikariDataSource: HikariPool-1 - Starting...
2026-03-29 12:19:27.437 INFO  [] [main] com.zaxxer.hikari.pool.HikariPool: HikariPool-1 - Added connection com.mysql.cj.jdbc.ConnectionImpl@67a3394c
2026-03-29 12:19:27.439 INFO  [] [main] com.zaxxer.hikari.HikariDataSource: HikariPool-1 - Start completed.
2026-03-29 12:19:27.478 WARN  [] [main] org.hibernate.orm.deprecation: HHH90000025: MySQL8Dialect does not need to be specified explicitly using 'hibernate.dialect' (remove the property setting and it will be selected by default)
2026-03-29 12:19:27.479 WARN  [] [main] org.hibernate.orm.deprecation: HHH90000026: MySQL8Dialect has been deprecated; use org.hibernate.dialect.MySQLDialect instead
2026-03-29 12:19:27.494 INFO  [] [main] o.hibernate.orm.connections.pooling: HHH10001005: Database info:
	Database JDBC URL [Connecting through datasource 'HikariDataSource (HikariPool-1)']
	Database driver: undefined/unknown
	Database version: 8.0
	Autocommit mode: undefined/unknown
	Isolation level: undefined/unknown
	Minimum pool size: undefined/unknown
	Maximum pool size: undefined/unknown
2026-03-29 12:19:28.449 INFO  [] [main] o.h.e.t.j.p.i.JtaPlatformInitiator: HHH000489: No JTA platform available (set 'hibernate.transaction.jta.platform' to enable JTA platform integration)
2026-03-29 12:19:28.574 INFO  [] [main] o.s.o.j.LocalContainerEntityManagerFactoryBean: Initialized JPA EntityManagerFactory for persistence unit 'default'
2026-03-29 12:19:28.812 INFO  [] [main] o.s.d.j.r.query.QueryEnhancerFactory: Hibernate is in classpath; If applicable, HQL parser will be used.
2026-03-29 12:19:29.631 INFO  [] [main] o.s.s.c.a.a.c.InitializeUserDetailsBeanManagerConfigurer$InitializeUserDetailsManagerConfigurer: Global AuthenticationManager configured with UserDetailsService bean with name customUserDetailService
2026-03-29 12:19:29.742 WARN  [] [main] o.s.b.a.o.j.JpaBaseConfiguration$JpaWebConfiguration: spring.jpa.open-in-view is enabled by default. Therefore, database queries may be performed during view rendering. Explicitly configure spring.jpa.open-in-view to disable this warning
2026-03-29 12:19:30.452 INFO  [] [main] o.a.coyote.http11.Http11NioProtocol: Starting ProtocolHandler ["http-nio-8080"]
2026-03-29 12:19:30.466 INFO  [] [main] o.s.b.w.e.tomcat.TomcatWebServer: Tomcat started on port 8080 (http) with context path '/'
2026-03-29 12:19:30.467 INFO  [] [main] c.u.j.c.RefreshScopeRefreshedEventListener: Refreshing cached encryptable property sources on ServletWebServerInitializedEvent
2026-03-29 12:19:30.468 INFO  [] [main] c.u.j.c.CachingDelegateEncryptablePropertySource: Property Source systemProperties refreshed
2026-03-29 12:19:30.468 INFO  [] [main] c.u.j.c.CachingDelegateEncryptablePropertySource: Property Source systemEnvironment refreshed
2026-03-29 12:19:30.468 INFO  [] [main] c.u.j.c.CachingDelegateEncryptablePropertySource: Property Source random refreshed
2026-03-29 12:19:30.468 INFO  [] [main] c.u.j.c.CachingDelegateEncryptablePropertySource: Property Source Config resource 'class path resource [application-dev.properties]' via location 'optional:classpath:/' refreshed
2026-03-29 12:19:30.468 INFO  [] [main] c.u.j.c.CachingDelegateEncryptablePropertySource: Property Source applicationInfo refreshed
2026-03-29 12:19:30.468 INFO  [] [main] c.u.j.EncryptablePropertySourceConverter: Skipping PropertySource configurationProperties [class org.springframework.boot.context.properties.source.ConfigurationPropertySourcesPropertySource
2026-03-29 12:19:30.468 INFO  [] [main] c.u.j.EncryptablePropertySourceConverter: Skipping PropertySource servletConfigInitParams [class org.springframework.core.env.PropertySource$StubPropertySource
2026-03-29 12:19:30.468 INFO  [] [main] c.u.j.EncryptablePropertySourceConverter: Converting PropertySource servletContextInitParams [org.springframework.web.context.support.ServletContextPropertySource] to EncryptableEnumerablePropertySourceWrapper
2026-03-29 12:19:30.476 INFO  [] [main] o.s.s.config.TaskSchedulerRouter: No TaskScheduler/ScheduledExecutorService bean found for scheduled processing
2026-03-29 12:19:30.480 INFO  [] [main] c.j.h.o.h.HibernateApplication: Started HibernateApplication in 6.247 seconds (process running for 6.877)
2026-03-29 12:19:37.119 INFO  [] [http-nio-8080-exec-1] o.a.c.c.C.[Tomcat].[localhost].[/]: Initializing Spring DispatcherServlet 'dispatcherServlet'
2026-03-29 12:19:37.120 INFO  [] [http-nio-8080-exec-1] o.s.web.servlet.DispatcherServlet: Initializing Servlet 'dispatcherServlet'
2026-03-29 12:19:37.121 INFO  [] [http-nio-8080-exec-1] o.s.web.servlet.DispatcherServlet: Completed initialization in 1 ms
2026-03-29 12:19:37.289 INFO  [] [http-nio-8080-exec-1] c.j.h.o.h.c.p.ProfileUIController: Начало работы метода: showLoginPage
2026-03-29 12:19:37.290 INFO  [] [http-nio-8080-exec-1] c.j.h.o.h.c.p.ProfileUIController: Завершение работы метода: showLoginPage
2026-03-29 12:19:54.328 INFO  [] [http-nio-8080-exec-1] c.j.h.o.h.c.home.HomeUIController: Начало работы метода: home
2026-03-29 12:19:54.329 INFO  [] [http-nio-8080-exec-1] c.j.h.o.h.c.home.HomeUIController: Завершение работы метода: home
2026-03-29 12:22:47.720 INFO  [] [SpringApplicationShutdownHook] o.s.b.w.e.tomcat.GracefulShutdown: Commencing graceful shutdown. Waiting for active requests to complete
2026-03-29 12:22:47.729 INFO  [] [tomcat-shutdown] o.s.b.w.e.tomcat.GracefulShutdown: Graceful shutdown complete
2026-03-29 12:22:47.735 INFO  [] [SpringApplicationShutdownHook] o.s.o.j.LocalContainerEntityManagerFactoryBean: Closing JPA EntityManagerFactory for persistence unit 'default'
2026-03-29 12:22:47.737 INFO  [] [SpringApplicationShutdownHook] com.zaxxer.hikari.HikariDataSource: HikariPool-1 - Shutdown initiated...
2026-03-29 12:22:47.750 INFO  [] [SpringApplicationShutdownHook] com.zaxxer.hikari.HikariDataSource: HikariPool-1 - Shutdown completed.
2026-03-29 12:22:51.362 INFO  [] [background-preinit] o.h.validator.internal.util.Version: HV000001: Hibernate Validator 8.0.3.Final
2026-03-29 12:22:51.421 INFO  [] [main] c.j.h.o.h.HibernateApplication: Starting HibernateApplication using Java 23.0.2 with PID 13488 (C:\Users\Alex_pk\IdeaProjects\javarush_spring_final\target\classes started by Alex_pk in C:\Users\Alex_pk\IdeaProjects\javarush_spring_final)
2026-03-29 12:22:51.422 INFO  [] [main] c.j.h.o.h.HibernateApplication: The following 1 profile is active: "dev"
2026-03-29 12:22:52.229 INFO  [] [main] o.s.d.r.c.RepositoryConfigurationDelegate: Bootstrapping Spring Data JPA repositories in DEFAULT mode.
2026-03-29 12:22:52.304 INFO  [] [main] o.s.d.r.c.RepositoryConfigurationDelegate: Finished Spring Data repository scanning in 67 ms. Found 7 JPA repository interfaces.
2026-03-29 12:22:52.531 INFO  [] [main] c.u.j.c.EnableEncryptablePropertiesBeanFactoryPostProcessor: Post-processing PropertySource instances
2026-03-29 12:22:52.532 INFO  [] [main] c.u.j.EncryptablePropertySourceConverter: Skipping PropertySource configurationProperties [class org.springframework.boot.context.properties.source.ConfigurationPropertySourcesPropertySource
2026-03-29 12:22:52.532 INFO  [] [main] c.u.j.EncryptablePropertySourceConverter: Skipping PropertySource servletConfigInitParams [class org.springframework.core.env.PropertySource$StubPropertySource
2026-03-29 12:22:52.532 INFO  [] [main] c.u.j.EncryptablePropertySourceConverter: Skipping PropertySource servletContextInitParams [class org.springframework.core.env.PropertySource$StubPropertySource
2026-03-29 12:22:52.533 INFO  [] [main] c.u.j.EncryptablePropertySourceConverter: Converting PropertySource systemProperties [org.springframework.core.env.PropertiesPropertySource] to EncryptableMapPropertySourceWrapper
2026-03-29 12:22:52.533 INFO  [] [main] c.u.j.EncryptablePropertySourceConverter: Converting PropertySource systemEnvironment [org.springframework.boot.env.SystemEnvironmentPropertySourceEnvironmentPostProcessor$OriginAwareSystemEnvironmentPropertySource] to EncryptableSystemEnvironmentPropertySourceWrapper
2026-03-29 12:22:52.534 INFO  [] [main] c.u.j.EncryptablePropertySourceConverter: Converting PropertySource random [org.springframework.boot.env.RandomValuePropertySource] to EncryptablePropertySourceWrapper
2026-03-29 12:22:52.534 INFO  [] [main] c.u.j.EncryptablePropertySourceConverter: Converting PropertySource Config resource 'class path resource [application-dev.properties]' via location 'optional:classpath:/' [org.springframework.boot.env.OriginTrackedMapPropertySource] to EncryptableMapPropertySourceWrapper
2026-03-29 12:22:52.534 INFO  [] [main] c.u.j.EncryptablePropertySourceConverter: Converting PropertySource applicationInfo [org.springframework.boot.ApplicationInfoPropertySource] to EncryptableMapPropertySourceWrapper
2026-03-29 12:22:52.990 INFO  [] [main] o.s.b.w.e.tomcat.TomcatWebServer: Tomcat initialized with port 8080 (http)
2026-03-29 12:22:53.001 INFO  [] [main] o.a.coyote.http11.Http11NioProtocol: Initializing ProtocolHandler ["http-nio-8080"]
2026-03-29 12:22:53.003 INFO  [] [main] o.a.catalina.core.StandardService: Starting service [Tomcat]
2026-03-29 12:22:53.003 INFO  [] [main] o.a.catalina.core.StandardEngine: Starting Servlet engine: [Apache Tomcat/10.1.48]
2026-03-29 12:22:53.054 INFO  [] [main] o.a.c.c.C.[Tomcat].[localhost].[/]: Initializing Spring embedded WebApplicationContext
2026-03-29 12:22:53.055 INFO  [] [main] o.s.b.w.s.c.ServletWebServerApplicationContext: Root WebApplicationContext: initialization completed in 1578 ms
2026-03-29 12:22:53.076 INFO  [] [main] c.u.j.f.DefaultLazyPropertyFilter: Property Filter custom Bean not found with name 'encryptablePropertyFilter'. Initializing Default Property Filter
2026-03-29 12:22:53.083 INFO  [] [main] c.u.j.r.DefaultLazyPropertyResolver: Property Resolver custom Bean not found with name 'encryptablePropertyResolver'. Initializing Default Property Resolver
2026-03-29 12:22:53.085 INFO  [] [main] c.u.j.d.DefaultLazyPropertyDetector: Property Detector custom Bean not found with name 'encryptablePropertyDetector'. Initializing Default Property Detector
2026-03-29 12:22:53.155 INFO  [] [main] c.u.j.encryptor.DefaultLazyEncryptor: String Encryptor custom Bean not found with name 'jasyptStringEncryptor'. Initializing Default String Encryptor
2026-03-29 12:22:53.163 INFO  [] [main] c.u.j.c.StringEncryptorBuilder: Encryptor config not found for property jasypt.encryptor.key-obtention-iterations, using default value: 1000
2026-03-29 12:22:53.164 INFO  [] [main] c.u.j.c.StringEncryptorBuilder: Encryptor config not found for property jasypt.encryptor.pool-size, using default value: 1
2026-03-29 12:22:53.164 INFO  [] [main] c.u.j.c.StringEncryptorBuilder: Encryptor config not found for property jasypt.encryptor.provider-name, using default value: null
2026-03-29 12:22:53.164 INFO  [] [main] c.u.j.c.StringEncryptorBuilder: Encryptor config not found for property jasypt.encryptor.provider-class-name, using default value: null
2026-03-29 12:22:53.164 INFO  [] [main] c.u.j.c.StringEncryptorBuilder: Encryptor config not found for property jasypt.encryptor.salt-generator-classname, using default value: org.jasypt.salt.RandomSaltGenerator
2026-03-29 12:22:53.166 INFO  [] [main] c.u.j.c.StringEncryptorBuilder: Encryptor config not found for property jasypt.encryptor.string-output-type, using default value: base64
2026-03-29 12:22:53.297 INFO  [] [main] o.h.jpa.internal.util.LogHelper: HHH000204: Processing PersistenceUnitInfo [name: default]
2026-03-29 12:22:53.343 INFO  [] [main] org.hibernate.Version: HHH000412: Hibernate ORM core version 6.6.33.Final
2026-03-29 12:22:53.372 INFO  [] [main] o.h.c.i.RegionFactoryInitiator: HHH000026: Second-level cache disabled
2026-03-29 12:22:53.625 INFO  [] [main] o.s.o.j.p.SpringPersistenceUnitInfo: No LoadTimeWeaver setup: ignoring JPA class transformer
2026-03-29 12:22:53.651 WARN  [] [main] com.zaxxer.hikari.HikariConfig: HikariPool-1 - idleTimeout has been set but has no effect because the pool is operating as a fixed size pool.
2026-03-29 12:22:53.651 INFO  [] [main] com.zaxxer.hikari.HikariDataSource: HikariPool-1 - Starting...
2026-03-29 12:22:53.980 INFO  [] [main] com.zaxxer.hikari.pool.HikariPool: HikariPool-1 - Added connection com.mysql.cj.jdbc.ConnectionImpl@67a3dd86
2026-03-29 12:22:53.982 INFO  [] [main] com.zaxxer.hikari.HikariDataSource: HikariPool-1 - Start completed.
2026-03-29 12:22:54.022 WARN  [] [main] org.hibernate.orm.deprecation: HHH90000025: MySQL8Dialect does not need to be specified explicitly using 'hibernate.dialect' (remove the property setting and it will be selected by default)
2026-03-29 12:22:54.023 WARN  [] [main] org.hibernate.orm.deprecation: HHH90000026: MySQL8Dialect has been deprecated; use org.hibernate.dialect.MySQLDialect instead
2026-03-29 12:22:54.039 INFO  [] [main] o.hibernate.orm.connections.pooling: HHH10001005: Database info:
	Database JDBC URL [Connecting through datasource 'HikariDataSource (HikariPool-1)']
	Database driver: undefined/unknown
	Database version: 8.0
	Autocommit mode: undefined/unknown
	Isolation level: undefined/unknown
	Minimum pool size: undefined/unknown
	Maximum pool size: undefined/unknown
2026-03-29 12:22:55.098 INFO  [] [main] o.h.e.t.j.p.i.JtaPlatformInitiator: HHH000489: No JTA platform available (set 'hibernate.transaction.jta.platform' to enable JTA platform integration)
2026-03-29 12:22:55.228 INFO  [] [main] o.s.o.j.LocalContainerEntityManagerFactoryBean: Initialized JPA EntityManagerFactory for persistence unit 'default'
2026-03-29 12:22:55.474 INFO  [] [main] o.s.d.j.r.query.QueryEnhancerFactory: Hibernate is in classpath; If applicable, HQL parser will be used.
2026-03-29 12:22:56.253 INFO  [] [main] o.s.s.c.a.a.c.InitializeUserDetailsBeanManagerConfigurer$InitializeUserDetailsManagerConfigurer: Global AuthenticationManager configured with UserDetailsService bean with name customUserDetailService
2026-03-29 12:22:56.363 WARN  [] [main] o.s.b.a.o.j.JpaBaseConfiguration$JpaWebConfiguration: spring.jpa.open-in-view is enabled by default. Therefore, database queries may be performed during view rendering. Explicitly configure spring.jpa.open-in-view to disable this warning
2026-03-29 12:22:57.109 INFO  [] [main] o.a.coyote.http11.Http11NioProtocol: Starting ProtocolHandler ["http-nio-8080"]
2026-03-29 12:22:57.124 INFO  [] [main] o.s.b.w.e.tomcat.TomcatWebServer: Tomcat started on port 8080 (http) with context path '/'
2026-03-29 12:22:57.125 INFO  [] [main] c.u.j.c.RefreshScopeRefreshedEventListener: Refreshing cached encryptable property sources on ServletWebServerInitializedEvent
2026-03-29 12:22:57.125 INFO  [] [main] c.u.j.c.CachingDelegateEncryptablePropertySource: Property Source systemProperties refreshed
2026-03-29 12:22:57.125 INFO  [] [main] c.u.j.c.CachingDelegateEncryptablePropertySource: Property Source systemEnvironment refreshed
2026-03-29 12:22:57.125 INFO  [] [main] c.u.j.c.CachingDelegateEncryptablePropertySource: Property Source random refreshed
2026-03-29 12:22:57.125 INFO  [] [main] c.u.j.c.CachingDelegateEncryptablePropertySource: Property Source Config resource 'class path resource [application-dev.properties]' via location 'optional:classpath:/' refreshed
2026-03-29 12:22:57.125 INFO  [] [main] c.u.j.c.CachingDelegateEncryptablePropertySource: Property Source applicationInfo refreshed
2026-03-29 12:22:57.125 INFO  [] [main] c.u.j.EncryptablePropertySourceConverter: Skipping PropertySource configurationProperties [class org.springframework.boot.context.properties.source.ConfigurationPropertySourcesPropertySource
2026-03-29 12:22:57.126 INFO  [] [main] c.u.j.EncryptablePropertySourceConverter: Skipping PropertySource servletConfigInitParams [class org.springframework.core.env.PropertySource$StubPropertySource
2026-03-29 12:22:57.126 INFO  [] [main] c.u.j.EncryptablePropertySourceConverter: Converting PropertySource servletContextInitParams [org.springframework.web.context.support.ServletContextPropertySource] to EncryptableEnumerablePropertySourceWrapper
2026-03-29 12:22:57.135 INFO  [] [main] o.s.s.config.TaskSchedulerRouter: No TaskScheduler/ScheduledExecutorService bean found for scheduled processing
2026-03-29 12:22:57.139 INFO  [] [main] c.j.h.o.h.HibernateApplication: Started HibernateApplication in 6.251 seconds (process running for 6.85)
2026-03-29 12:23:06.204 INFO  [] [http-nio-8080-exec-1] o.a.c.c.C.[Tomcat].[localhost].[/]: Initializing Spring DispatcherServlet 'dispatcherServlet'
2026-03-29 12:23:06.205 INFO  [] [http-nio-8080-exec-1] o.s.web.servlet.DispatcherServlet: Initializing Servlet 'dispatcherServlet'
2026-03-29 12:23:06.207 INFO  [] [http-nio-8080-exec-1] o.s.web.servlet.DispatcherServlet: Completed initialization in 2 ms
2026-03-29 12:23:06.358 INFO  [] [http-nio-8080-exec-1] c.j.h.o.h.c.home.HomeUIController: Начало работы метода: home
2026-03-29 12:23:06.358 INFO  [] [http-nio-8080-exec-1] c.j.h.o.h.c.home.HomeUIController: Завершение работы метода: home
2026-03-29 12:23:53.107 INFO  [] [SpringApplicationShutdownHook] o.s.b.w.e.tomcat.GracefulShutdown: Commencing graceful shutdown. Waiting for active requests to complete
2026-03-29 12:23:53.116 INFO  [] [tomcat-shutdown] o.s.b.w.e.tomcat.GracefulShutdown: Graceful shutdown complete
2026-03-29 12:23:53.124 INFO  [] [SpringApplicationShutdownHook] o.s.o.j.LocalContainerEntityManagerFactoryBean: Closing JPA EntityManagerFactory for persistence unit 'default'
2026-03-29 12:23:53.127 INFO  [] [SpringApplicationShutdownHook] com.zaxxer.hikari.HikariDataSource: HikariPool-1 - Shutdown initiated...
2026-03-29 12:23:53.144 INFO  [] [SpringApplicationShutdownHook] com.zaxxer.hikari.HikariDataSource: HikariPool-1 - Shutdown completed.
2026-03-29 12:23:56.856 INFO  [] [background-preinit] o.h.validator.internal.util.Version: HV000001: Hibernate Validator 8.0.3.Final
2026-03-29 12:23:56.906 INFO  [] [main] c.j.h.o.h.HibernateApplication: Starting HibernateApplication using Java 23.0.2 with PID 17484 (C:\Users\Alex_pk\IdeaProjects\javarush_spring_final\target\classes started by Alex_pk in C:\Users\Alex_pk\IdeaProjects\javarush_spring_final)
2026-03-29 12:23:56.907 INFO  [] [main] c.j.h.o.h.HibernateApplication: The following 1 profile is active: "dev"
2026-03-29 12:23:57.695 INFO  [] [main] o.s.d.r.c.RepositoryConfigurationDelegate: Bootstrapping Spring Data JPA repositories in DEFAULT mode.
2026-03-29 12:23:57.774 INFO  [] [main] o.s.d.r.c.RepositoryConfigurationDelegate: Finished Spring Data repository scanning in 69 ms. Found 7 JPA repository interfaces.
2026-03-29 12:23:58.001 INFO  [] [main] c.u.j.c.EnableEncryptablePropertiesBeanFactoryPostProcessor: Post-processing PropertySource instances
2026-03-29 12:23:58.001 INFO  [] [main] c.u.j.EncryptablePropertySourceConverter: Skipping PropertySource configurationProperties [class org.springframework.boot.context.properties.source.ConfigurationPropertySourcesPropertySource
2026-03-29 12:23:58.001 INFO  [] [main] c.u.j.EncryptablePropertySourceConverter: Skipping PropertySource servletConfigInitParams [class org.springframework.core.env.PropertySource$StubPropertySource
2026-03-29 12:23:58.002 INFO  [] [main] c.u.j.EncryptablePropertySourceConverter: Skipping PropertySource servletContextInitParams [class org.springframework.core.env.PropertySource$StubPropertySource
2026-03-29 12:23:58.002 INFO  [] [main] c.u.j.EncryptablePropertySourceConverter: Converting PropertySource systemProperties [org.springframework.core.env.PropertiesPropertySource] to EncryptableMapPropertySourceWrapper
2026-03-29 12:23:58.002 INFO  [] [main] c.u.j.EncryptablePropertySourceConverter: Converting PropertySource systemEnvironment [org.springframework.boot.env.SystemEnvironmentPropertySourceEnvironmentPostProcessor$OriginAwareSystemEnvironmentPropertySource] to EncryptableSystemEnvironmentPropertySourceWrapper
2026-03-29 12:23:58.002 INFO  [] [main] c.u.j.EncryptablePropertySourceConverter: Converting PropertySource random [org.springframework.boot.env.RandomValuePropertySource] to EncryptablePropertySourceWrapper
2026-03-29 12:23:58.002 INFO  [] [main] c.u.j.EncryptablePropertySourceConverter: Converting PropertySource Config resource 'class path resource [application-dev.properties]' via location 'optional:classpath:/' [org.springframework.boot.env.OriginTrackedMapPropertySource] to EncryptableMapPropertySourceWrapper
2026-03-29 12:23:58.003 INFO  [] [main] c.u.j.EncryptablePropertySourceConverter: Converting PropertySource applicationInfo [org.springframework.boot.ApplicationInfoPropertySource] to EncryptableMapPropertySourceWrapper
2026-03-29 12:23:58.463 INFO  [] [main] o.s.b.w.e.tomcat.TomcatWebServer: Tomcat initialized with port 8080 (http)
2026-03-29 12:23:58.475 INFO  [] [main] o.a.coyote.http11.Http11NioProtocol: Initializing ProtocolHandler ["http-nio-8080"]
2026-03-29 12:23:58.477 INFO  [] [main] o.a.catalina.core.StandardService: Starting service [Tomcat]
2026-03-29 12:23:58.477 INFO  [] [main] o.a.catalina.core.StandardEngine: Starting Servlet engine: [Apache Tomcat/10.1.48]
2026-03-29 12:23:58.528 INFO  [] [main] o.a.c.c.C.[Tomcat].[localhost].[/]: Initializing Spring embedded WebApplicationContext
2026-03-29 12:23:58.528 INFO  [] [main] o.s.b.w.s.c.ServletWebServerApplicationContext: Root WebApplicationContext: initialization completed in 1574 ms
2026-03-29 12:23:58.549 INFO  [] [main] c.u.j.f.DefaultLazyPropertyFilter: Property Filter custom Bean not found with name 'encryptablePropertyFilter'. Initializing Default Property Filter
2026-03-29 12:23:58.556 INFO  [] [main] c.u.j.r.DefaultLazyPropertyResolver: Property Resolver custom Bean not found with name 'encryptablePropertyResolver'. Initializing Default Property Resolver
2026-03-29 12:23:58.558 INFO  [] [main] c.u.j.d.DefaultLazyPropertyDetector: Property Detector custom Bean not found with name 'encryptablePropertyDetector'. Initializing Default Property Detector
2026-03-29 12:23:58.625 INFO  [] [main] c.u.j.encryptor.DefaultLazyEncryptor: String Encryptor custom Bean not found with name 'jasyptStringEncryptor'. Initializing Default String Encryptor
2026-03-29 12:23:58.633 INFO  [] [main] c.u.j.c.StringEncryptorBuilder: Encryptor config not found for property jasypt.encryptor.key-obtention-iterations, using default value: 1000
2026-03-29 12:23:58.634 INFO  [] [main] c.u.j.c.StringEncryptorBuilder: Encryptor config not found for property jasypt.encryptor.pool-size, using default value: 1
2026-03-29 12:23:58.635 INFO  [] [main] c.u.j.c.StringEncryptorBuilder: Encryptor config not found for property jasypt.encryptor.provider-name, using default value: null
2026-03-29 12:23:58.635 INFO  [] [main] c.u.j.c.StringEncryptorBuilder: Encryptor config not found for property jasypt.encryptor.provider-class-name, using default value: null
2026-03-29 12:23:58.635 INFO  [] [main] c.u.j.c.StringEncryptorBuilder: Encryptor config not found for property jasypt.encryptor.salt-generator-classname, using default value: org.jasypt.salt.RandomSaltGenerator
2026-03-29 12:23:58.636 INFO  [] [main] c.u.j.c.StringEncryptorBuilder: Encryptor config not found for property jasypt.encryptor.string-output-type, using default value: base64
2026-03-29 12:23:58.782 INFO  [] [main] o.h.jpa.internal.util.LogHelper: HHH000204: Processing PersistenceUnitInfo [name: default]
2026-03-29 12:23:58.827 INFO  [] [main] org.hibernate.Version: HHH000412: Hibernate ORM core version 6.6.33.Final
2026-03-29 12:23:58.860 INFO  [] [main] o.h.c.i.RegionFactoryInitiator: HHH000026: Second-level cache disabled
2026-03-29 12:23:59.105 INFO  [] [main] o.s.o.j.p.SpringPersistenceUnitInfo: No LoadTimeWeaver setup: ignoring JPA class transformer
2026-03-29 12:23:59.130 WARN  [] [main] com.zaxxer.hikari.HikariConfig: HikariPool-1 - idleTimeout has been set but has no effect because the pool is operating as a fixed size pool.
2026-03-29 12:23:59.130 INFO  [] [main] com.zaxxer.hikari.HikariDataSource: HikariPool-1 - Starting...
2026-03-29 12:23:59.459 INFO  [] [main] com.zaxxer.hikari.pool.HikariPool: HikariPool-1 - Added connection com.mysql.cj.jdbc.ConnectionImpl@f837c11
2026-03-29 12:23:59.461 INFO  [] [main] com.zaxxer.hikari.HikariDataSource: HikariPool-1 - Start completed.
2026-03-29 12:23:59.500 WARN  [] [main] org.hibernate.orm.deprecation: HHH90000025: MySQL8Dialect does not need to be specified explicitly using 'hibernate.dialect' (remove the property setting and it will be selected by default)
2026-03-29 12:23:59.500 WARN  [] [main] org.hibernate.orm.deprecation: HHH90000026: MySQL8Dialect has been deprecated; use org.hibernate.dialect.MySQLDialect instead
2026-03-29 12:23:59.518 INFO  [] [main] o.hibernate.orm.connections.pooling: HHH10001005: Database info:
	Database JDBC URL [Connecting through datasource 'HikariDataSource (HikariPool-1)']
	Database driver: undefined/unknown
	Database version: 8.0
	Autocommit mode: undefined/unknown
	Isolation level: undefined/unknown
	Minimum pool size: undefined/unknown
	Maximum pool size: undefined/unknown
2026-03-29 12:24:00.517 INFO  [] [main] o.h.e.t.j.p.i.JtaPlatformInitiator: HHH000489: No JTA platform available (set 'hibernate.transaction.jta.platform' to enable JTA platform integration)
2026-03-29 12:24:00.646 INFO  [] [main] o.s.o.j.LocalContainerEntityManagerFactoryBean: Initialized JPA EntityManagerFactory for persistence unit 'default'
2026-03-29 12:24:00.887 INFO  [] [main] o.s.d.j.r.query.QueryEnhancerFactory: Hibernate is in classpath; If applicable, HQL parser will be used.
2026-03-29 12:24:01.652 INFO  [] [main] o.s.s.c.a.a.c.InitializeUserDetailsBeanManagerConfigurer$InitializeUserDetailsManagerConfigurer: Global AuthenticationManager configured with UserDetailsService bean with name customUserDetailService
2026-03-29 12:24:01.764 WARN  [] [main] o.s.b.a.o.j.JpaBaseConfiguration$JpaWebConfiguration: spring.jpa.open-in-view is enabled by default. Therefore, database queries may be performed during view rendering. Explicitly configure spring.jpa.open-in-view to disable this warning
2026-03-29 12:24:02.525 INFO  [] [main] o.a.coyote.http11.Http11NioProtocol: Starting ProtocolHandler ["http-nio-8080"]
2026-03-29 12:24:02.540 INFO  [] [main] o.s.b.w.e.tomcat.TomcatWebServer: Tomcat started on port 8080 (http) with context path '/'
2026-03-29 12:24:02.541 INFO  [] [main] c.u.j.c.RefreshScopeRefreshedEventListener: Refreshing cached encryptable property sources on ServletWebServerInitializedEvent
2026-03-29 12:24:02.541 INFO  [] [main] c.u.j.c.CachingDelegateEncryptablePropertySource: Property Source systemProperties refreshed
2026-03-29 12:24:02.541 INFO  [] [main] c.u.j.c.CachingDelegateEncryptablePropertySource: Property Source systemEnvironment refreshed
2026-03-29 12:24:02.541 INFO  [] [main] c.u.j.c.CachingDelegateEncryptablePropertySource: Property Source random refreshed
2026-03-29 12:24:02.541 INFO  [] [main] c.u.j.c.CachingDelegateEncryptablePropertySource: Property Source Config resource 'class path resource [application-dev.properties]' via location 'optional:classpath:/' refreshed
2026-03-29 12:24:02.541 INFO  [] [main] c.u.j.c.CachingDelegateEncryptablePropertySource: Property Source applicationInfo refreshed
2026-03-29 12:24:02.541 INFO  [] [main] c.u.j.EncryptablePropertySourceConverter: Skipping PropertySource configurationProperties [class org.springframework.boot.context.properties.source.ConfigurationPropertySourcesPropertySource
2026-03-29 12:24:02.541 INFO  [] [main] c.u.j.EncryptablePropertySourceConverter: Skipping PropertySource servletConfigInitParams [class org.springframework.core.env.PropertySource$StubPropertySource
2026-03-29 12:24:02.542 INFO  [] [main] c.u.j.EncryptablePropertySourceConverter: Converting PropertySource servletContextInitParams [org.springframework.web.context.support.ServletContextPropertySource] to EncryptableEnumerablePropertySourceWrapper
2026-03-29 12:24:02.551 INFO  [] [main] o.s.s.config.TaskSchedulerRouter: No TaskScheduler/ScheduledExecutorService bean found for scheduled processing
2026-03-29 12:24:02.555 INFO  [] [main] c.j.h.o.h.HibernateApplication: Started HibernateApplication in 6.216 seconds (process running for 6.81)
2026-03-29 12:24:06.068 INFO  [] [http-nio-8080-exec-1] o.a.c.c.C.[Tomcat].[localhost].[/]: Initializing Spring DispatcherServlet 'dispatcherServlet'
2026-03-29 12:24:06.068 INFO  [] [http-nio-8080-exec-1] o.s.web.servlet.DispatcherServlet: Initializing Servlet 'dispatcherServlet'
2026-03-29 12:24:06.069 INFO  [] [http-nio-8080-exec-1] o.s.web.servlet.DispatcherServlet: Completed initialization in 1 ms
2026-03-29 12:24:06.218 INFO  [] [http-nio-8080-exec-1] c.j.h.o.h.c.home.HomeUIController: Начало работы метода: home
2026-03-29 12:24:06.218 INFO  [] [http-nio-8080-exec-1] c.j.h.o.h.c.home.HomeUIController: Завершение работы метода: home
2026-03-29 12:24:06.218 INFO  [] [http-nio-8080-exec-1] c.j.h.o.h.c.home.HomeUIController: INFO сообщение
2026-03-29 12:24:06.218 WARN  [] [http-nio-8080-exec-1] c.j.h.o.h.c.home.HomeUIController: WARN сообщение
2026-03-29 12:24:06.219 ERROR [] [http-nio-8080-exec-1] c.j.h.o.h.c.home.HomeUIController: ERROR сообщение
2026-03-29 12:28:45.497 INFO  [] [SpringApplicationShutdownHook] o.s.b.w.e.tomcat.GracefulShutdown: Commencing graceful shutdown. Waiting for active requests to complete
2026-03-29 12:28:45.505 INFO  [] [tomcat-shutdown] o.s.b.w.e.tomcat.GracefulShutdown: Graceful shutdown complete
2026-03-29 12:28:45.512 INFO  [] [SpringApplicationShutdownHook] o.s.o.j.LocalContainerEntityManagerFactoryBean: Closing JPA EntityManagerFactory for persistence unit 'default'
2026-03-29 12:28:45.514 INFO  [] [SpringApplicationShutdownHook] com.zaxxer.hikari.HikariDataSource: HikariPool-1 - Shutdown initiated...
2026-03-29 12:28:45.525 INFO  [] [SpringApplicationShutdownHook] com.zaxxer.hikari.HikariDataSource: HikariPool-1 - Shutdown completed.
2026-03-29 12:28:49.287 INFO  [] [background-preinit] o.h.validator.internal.util.Version: HV000001: Hibernate Validator 8.0.3.Final
2026-03-29 12:28:49.336 INFO  [] [main] c.j.h.o.h.HibernateApplication: Starting HibernateApplication using Java 23.0.2 with PID 9724 (C:\Users\Alex_pk\IdeaProjects\javarush_spring_final\target\classes started by Alex_pk in C:\Users\Alex_pk\IdeaProjects\javarush_spring_final)
2026-03-29 12:28:49.337 INFO  [] [main] c.j.h.o.h.HibernateApplication: The following 1 profile is active: "dev"
2026-03-29 12:28:50.137 INFO  [] [main] o.s.d.r.c.RepositoryConfigurationDelegate: Bootstrapping Spring Data JPA repositories in DEFAULT mode.
2026-03-29 12:28:50.213 INFO  [] [main] o.s.d.r.c.RepositoryConfigurationDelegate: Finished Spring Data repository scanning in 67 ms. Found 7 JPA repository interfaces.
2026-03-29 12:28:50.437 INFO  [] [main] c.u.j.c.EnableEncryptablePropertiesBeanFactoryPostProcessor: Post-processing PropertySource instances
2026-03-29 12:28:50.437 INFO  [] [main] c.u.j.EncryptablePropertySourceConverter: Skipping PropertySource configurationProperties [class org.springframework.boot.context.properties.source.ConfigurationPropertySourcesPropertySource
2026-03-29 12:28:50.438 INFO  [] [main] c.u.j.EncryptablePropertySourceConverter: Skipping PropertySource servletConfigInitParams [class org.springframework.core.env.PropertySource$StubPropertySource
2026-03-29 12:28:50.438 INFO  [] [main] c.u.j.EncryptablePropertySourceConverter: Skipping PropertySource servletContextInitParams [class org.springframework.core.env.PropertySource$StubPropertySource
2026-03-29 12:28:50.438 INFO  [] [main] c.u.j.EncryptablePropertySourceConverter: Converting PropertySource systemProperties [org.springframework.core.env.PropertiesPropertySource] to EncryptableMapPropertySourceWrapper
2026-03-29 12:28:50.438 INFO  [] [main] c.u.j.EncryptablePropertySourceConverter: Converting PropertySource systemEnvironment [org.springframework.boot.env.SystemEnvironmentPropertySourceEnvironmentPostProcessor$OriginAwareSystemEnvironmentPropertySource] to EncryptableSystemEnvironmentPropertySourceWrapper
2026-03-29 12:28:50.439 INFO  [] [main] c.u.j.EncryptablePropertySourceConverter: Converting PropertySource random [org.springframework.boot.env.RandomValuePropertySource] to EncryptablePropertySourceWrapper
2026-03-29 12:28:50.439 INFO  [] [main] c.u.j.EncryptablePropertySourceConverter: Converting PropertySource Config resource 'class path resource [application-dev.properties]' via location 'optional:classpath:/' [org.springframework.boot.env.OriginTrackedMapPropertySource] to EncryptableMapPropertySourceWrapper
2026-03-29 12:28:50.439 INFO  [] [main] c.u.j.EncryptablePropertySourceConverter: Converting PropertySource applicationInfo [org.springframework.boot.ApplicationInfoPropertySource] to EncryptableMapPropertySourceWrapper
2026-03-29 12:28:50.903 INFO  [] [main] o.s.b.w.e.tomcat.TomcatWebServer: Tomcat initialized with port 8080 (http)
2026-03-29 12:28:50.915 INFO  [] [main] o.a.coyote.http11.Http11NioProtocol: Initializing ProtocolHandler ["http-nio-8080"]
2026-03-29 12:28:50.916 INFO  [] [main] o.a.catalina.core.StandardService: Starting service [Tomcat]
2026-03-29 12:28:50.917 INFO  [] [main] o.a.catalina.core.StandardEngine: Starting Servlet engine: [Apache Tomcat/10.1.48]
2026-03-29 12:28:50.970 INFO  [] [main] o.a.c.c.C.[Tomcat].[localhost].[/]: Initializing Spring embedded WebApplicationContext
2026-03-29 12:28:50.971 INFO  [] [main] o.s.b.w.s.c.ServletWebServerApplicationContext: Root WebApplicationContext: initialization completed in 1583 ms
2026-03-29 12:28:50.992 INFO  [] [main] c.u.j.f.DefaultLazyPropertyFilter: Property Filter custom Bean not found with name 'encryptablePropertyFilter'. Initializing Default Property Filter
2026-03-29 12:28:50.998 INFO  [] [main] c.u.j.r.DefaultLazyPropertyResolver: Property Resolver custom Bean not found with name 'encryptablePropertyResolver'. Initializing Default Property Resolver
2026-03-29 12:28:51.000 INFO  [] [main] c.u.j.d.DefaultLazyPropertyDetector: Property Detector custom Bean not found with name 'encryptablePropertyDetector'. Initializing Default Property Detector
2026-03-29 12:28:51.068 INFO  [] [main] c.u.j.encryptor.DefaultLazyEncryptor: String Encryptor custom Bean not found with name 'jasyptStringEncryptor'. Initializing Default String Encryptor
2026-03-29 12:28:51.078 INFO  [] [main] c.u.j.c.StringEncryptorBuilder: Encryptor config not found for property jasypt.encryptor.key-obtention-iterations, using default value: 1000
2026-03-29 12:28:51.078 INFO  [] [main] c.u.j.c.StringEncryptorBuilder: Encryptor config not found for property jasypt.encryptor.pool-size, using default value: 1
2026-03-29 12:28:51.079 INFO  [] [main] c.u.j.c.StringEncryptorBuilder: Encryptor config not found for property jasypt.encryptor.provider-name, using default value: null
2026-03-29 12:28:51.079 INFO  [] [main] c.u.j.c.StringEncryptorBuilder: Encryptor config not found for property jasypt.encryptor.provider-class-name, using default value: null
2026-03-29 12:28:51.080 INFO  [] [main] c.u.j.c.StringEncryptorBuilder: Encryptor config not found for property jasypt.encryptor.salt-generator-classname, using default value: org.jasypt.salt.RandomSaltGenerator
2026-03-29 12:28:51.082 INFO  [] [main] c.u.j.c.StringEncryptorBuilder: Encryptor config not found for property jasypt.encryptor.string-output-type, using default value: base64
2026-03-29 12:28:51.223 INFO  [] [main] o.h.jpa.internal.util.LogHelper: HHH000204: Processing PersistenceUnitInfo [name: default]
2026-03-29 12:28:51.269 INFO  [] [main] org.hibernate.Version: HHH000412: Hibernate ORM core version 6.6.33.Final
2026-03-29 12:28:51.298 INFO  [] [main] o.h.c.i.RegionFactoryInitiator: HHH000026: Second-level cache disabled
2026-03-29 12:28:51.543 INFO  [] [main] o.s.o.j.p.SpringPersistenceUnitInfo: No LoadTimeWeaver setup: ignoring JPA class transformer
2026-03-29 12:28:51.571 WARN  [] [main] com.zaxxer.hikari.HikariConfig: HikariPool-1 - idleTimeout has been set but has no effect because the pool is operating as a fixed size pool.
2026-03-29 12:28:51.571 INFO  [] [main] com.zaxxer.hikari.HikariDataSource: HikariPool-1 - Starting...
2026-03-29 12:28:51.903 INFO  [] [main] com.zaxxer.hikari.pool.HikariPool: HikariPool-1 - Added connection com.mysql.cj.jdbc.ConnectionImpl@6705b763
2026-03-29 12:28:51.905 INFO  [] [main] com.zaxxer.hikari.HikariDataSource: HikariPool-1 - Start completed.
2026-03-29 12:28:51.948 WARN  [] [main] org.hibernate.orm.deprecation: HHH90000025: MySQL8Dialect does not need to be specified explicitly using 'hibernate.dialect' (remove the property setting and it will be selected by default)
2026-03-29 12:28:51.949 WARN  [] [main] org.hibernate.orm.deprecation: HHH90000026: MySQL8Dialect has been deprecated; use org.hibernate.dialect.MySQLDialect instead
2026-03-29 12:28:51.964 INFO  [] [main] o.hibernate.orm.connections.pooling: HHH10001005: Database info:
	Database JDBC URL [Connecting through datasource 'HikariDataSource (HikariPool-1)']
	Database driver: undefined/unknown
	Database version: 8.0
	Autocommit mode: undefined/unknown
	Isolation level: undefined/unknown
	Minimum pool size: undefined/unknown
	Maximum pool size: undefined/unknown
2026-03-29 12:28:52.942 INFO  [] [main] o.h.e.t.j.p.i.JtaPlatformInitiator: HHH000489: No JTA platform available (set 'hibernate.transaction.jta.platform' to enable JTA platform integration)
2026-03-29 12:28:53.073 INFO  [] [main] o.s.o.j.LocalContainerEntityManagerFactoryBean: Initialized JPA EntityManagerFactory for persistence unit 'default'
2026-03-29 12:28:53.316 INFO  [] [main] o.s.d.j.r.query.QueryEnhancerFactory: Hibernate is in classpath; If applicable, HQL parser will be used.
2026-03-29 12:28:54.079 INFO  [] [main] o.s.s.c.a.a.c.InitializeUserDetailsBeanManagerConfigurer$InitializeUserDetailsManagerConfigurer: Global AuthenticationManager configured with UserDetailsService bean with name customUserDetailService
2026-03-29 12:28:54.191 WARN  [] [main] o.s.b.a.o.j.JpaBaseConfiguration$JpaWebConfiguration: spring.jpa.open-in-view is enabled by default. Therefore, database queries may be performed during view rendering. Explicitly configure spring.jpa.open-in-view to disable this warning
2026-03-29 12:28:54.984 INFO  [] [main] o.a.coyote.http11.Http11NioProtocol: Starting ProtocolHandler ["http-nio-8080"]
2026-03-29 12:28:55.003 INFO  [] [main] o.s.b.w.e.tomcat.TomcatWebServer: Tomcat started on port 8080 (http) with context path '/'
2026-03-29 12:28:55.004 INFO  [] [main] c.u.j.c.RefreshScopeRefreshedEventListener: Refreshing cached encryptable property sources on ServletWebServerInitializedEvent
2026-03-29 12:28:55.005 INFO  [] [main] c.u.j.c.CachingDelegateEncryptablePropertySource: Property Source systemProperties refreshed
2026-03-29 12:28:55.005 INFO  [] [main] c.u.j.c.CachingDelegateEncryptablePropertySource: Property Source systemEnvironment refreshed
2026-03-29 12:28:55.005 INFO  [] [main] c.u.j.c.CachingDelegateEncryptablePropertySource: Property Source random refreshed
2026-03-29 12:28:55.005 INFO  [] [main] c.u.j.c.CachingDelegateEncryptablePropertySource: Property Source Config resource 'class path resource [application-dev.properties]' via location 'optional:classpath:/' refreshed
2026-03-29 12:28:55.005 INFO  [] [main] c.u.j.c.CachingDelegateEncryptablePropertySource: Property Source applicationInfo refreshed
2026-03-29 12:28:55.005 INFO  [] [main] c.u.j.EncryptablePropertySourceConverter: Skipping PropertySource configurationProperties [class org.springframework.boot.context.properties.source.ConfigurationPropertySourcesPropertySource
2026-03-29 12:28:55.005 INFO  [] [main] c.u.j.EncryptablePropertySourceConverter: Skipping PropertySource servletConfigInitParams [class org.springframework.core.env.PropertySource$StubPropertySource
2026-03-29 12:28:55.005 INFO  [] [main] c.u.j.EncryptablePropertySourceConverter: Converting PropertySource servletContextInitParams [org.springframework.web.context.support.ServletContextPropertySource] to EncryptableEnumerablePropertySourceWrapper
2026-03-29 12:28:55.020 INFO  [] [main] o.s.s.config.TaskSchedulerRouter: No TaskScheduler/ScheduledExecutorService bean found for scheduled processing
2026-03-29 12:28:55.028 INFO  [] [main] c.j.h.o.h.HibernateApplication: Started HibernateApplication in 6.252 seconds (process running for 6.932)
2026-03-29 12:29:00.134 INFO  [] [http-nio-8080-exec-1] o.a.c.c.C.[Tomcat].[localhost].[/]: Initializing Spring DispatcherServlet 'dispatcherServlet'
2026-03-29 12:29:00.135 INFO  [] [http-nio-8080-exec-1] o.s.web.servlet.DispatcherServlet: Initializing Servlet 'dispatcherServlet'
2026-03-29 12:29:00.136 INFO  [] [http-nio-8080-exec-1] o.s.web.servlet.DispatcherServlet: Completed initialization in 1 ms
2026-03-29 12:29:00.274 INFO  [] [http-nio-8080-exec-1] c.j.h.o.h.c.home.HomeUIController: Начало работы метода: home
2026-03-29 12:29:00.274 INFO  [] [http-nio-8080-exec-1] c.j.h.o.h.c.home.HomeUIController: Завершение работы метода: home
2026-03-29 12:30:50.812 INFO  [] [SpringApplicationShutdownHook] o.s.b.w.e.tomcat.GracefulShutdown: Commencing graceful shutdown. Waiting for active requests to complete
2026-03-29 12:30:50.823 INFO  [] [tomcat-shutdown] o.s.b.w.e.tomcat.GracefulShutdown: Graceful shutdown complete
2026-03-29 12:30:50.830 INFO  [] [SpringApplicationShutdownHook] o.s.o.j.LocalContainerEntityManagerFactoryBean: Closing JPA EntityManagerFactory for persistence unit 'default'
2026-03-29 12:30:50.832 INFO  [] [SpringApplicationShutdownHook] com.zaxxer.hikari.HikariDataSource: HikariPool-1 - Shutdown initiated...
2026-03-29 12:30:50.842 INFO  [] [SpringApplicationShutdownHook] com.zaxxer.hikari.HikariDataSource: HikariPool-1 - Shutdown completed.
2026-03-29 12:30:53.018 INFO  [] [background-preinit] o.h.validator.internal.util.Version: HV000001: Hibernate Validator 8.0.3.Final
2026-03-29 12:30:53.065 INFO  [] [main] c.j.h.o.h.HibernateApplication: Starting HibernateApplication using Java 23.0.2 with PID 17532 (C:\Users\Alex_pk\IdeaProjects\javarush_spring_final\target\classes started by Alex_pk in C:\Users\Alex_pk\IdeaProjects\javarush_spring_final)
2026-03-29 12:30:53.066 INFO  [] [main] c.j.h.o.h.HibernateApplication: The following 1 profile is active: "dev"
2026-03-29 12:30:53.863 INFO  [] [main] o.s.d.r.c.RepositoryConfigurationDelegate: Bootstrapping Spring Data JPA repositories in DEFAULT mode.
2026-03-29 12:30:53.941 INFO  [] [main] o.s.d.r.c.RepositoryConfigurationDelegate: Finished Spring Data repository scanning in 68 ms. Found 7 JPA repository interfaces.
2026-03-29 12:30:54.168 INFO  [] [main] c.u.j.c.EnableEncryptablePropertiesBeanFactoryPostProcessor: Post-processing PropertySource instances
2026-03-29 12:30:54.168 INFO  [] [main] c.u.j.EncryptablePropertySourceConverter: Skipping PropertySource configurationProperties [class org.springframework.boot.context.properties.source.ConfigurationPropertySourcesPropertySource
2026-03-29 12:30:54.169 INFO  [] [main] c.u.j.EncryptablePropertySourceConverter: Skipping PropertySource servletConfigInitParams [class org.springframework.core.env.PropertySource$StubPropertySource
2026-03-29 12:30:54.169 INFO  [] [main] c.u.j.EncryptablePropertySourceConverter: Skipping PropertySource servletContextInitParams [class org.springframework.core.env.PropertySource$StubPropertySource
2026-03-29 12:30:54.169 INFO  [] [main] c.u.j.EncryptablePropertySourceConverter: Converting PropertySource systemProperties [org.springframework.core.env.PropertiesPropertySource] to EncryptableMapPropertySourceWrapper
2026-03-29 12:30:54.170 INFO  [] [main] c.u.j.EncryptablePropertySourceConverter: Converting PropertySource systemEnvironment [org.springframework.boot.env.SystemEnvironmentPropertySourceEnvironmentPostProcessor$OriginAwareSystemEnvironmentPropertySource] to EncryptableSystemEnvironmentPropertySourceWrapper
2026-03-29 12:30:54.170 INFO  [] [main] c.u.j.EncryptablePropertySourceConverter: Converting PropertySource random [org.springframework.boot.env.RandomValuePropertySource] to EncryptablePropertySourceWrapper
2026-03-29 12:30:54.170 INFO  [] [main] c.u.j.EncryptablePropertySourceConverter: Converting PropertySource Config resource 'class path resource [application-dev.properties]' via location 'optional:classpath:/' [org.springframework.boot.env.OriginTrackedMapPropertySource] to EncryptableMapPropertySourceWrapper
2026-03-29 12:30:54.170 INFO  [] [main] c.u.j.EncryptablePropertySourceConverter: Converting PropertySource applicationInfo [org.springframework.boot.ApplicationInfoPropertySource] to EncryptableMapPropertySourceWrapper
2026-03-29 12:30:54.635 INFO  [] [main] o.s.b.w.e.tomcat.TomcatWebServer: Tomcat initialized with port 8080 (http)
2026-03-29 12:30:54.646 INFO  [] [main] o.a.coyote.http11.Http11NioProtocol: Initializing ProtocolHandler ["http-nio-8080"]
2026-03-29 12:30:54.648 INFO  [] [main] o.a.catalina.core.StandardService: Starting service [Tomcat]
2026-03-29 12:30:54.648 INFO  [] [main] o.a.catalina.core.StandardEngine: Starting Servlet engine: [Apache Tomcat/10.1.48]
2026-03-29 12:30:54.701 INFO  [] [main] o.a.c.c.C.[Tomcat].[localhost].[/]: Initializing Spring embedded WebApplicationContext
2026-03-29 12:30:54.701 INFO  [] [main] o.s.b.w.s.c.ServletWebServerApplicationContext: Root WebApplicationContext: initialization completed in 1586 ms
2026-03-29 12:30:54.722 INFO  [] [main] c.u.j.f.DefaultLazyPropertyFilter: Property Filter custom Bean not found with name 'encryptablePropertyFilter'. Initializing Default Property Filter
2026-03-29 12:30:54.728 INFO  [] [main] c.u.j.r.DefaultLazyPropertyResolver: Property Resolver custom Bean not found with name 'encryptablePropertyResolver'. Initializing Default Property Resolver
2026-03-29 12:30:54.730 INFO  [] [main] c.u.j.d.DefaultLazyPropertyDetector: Property Detector custom Bean not found with name 'encryptablePropertyDetector'. Initializing Default Property Detector
2026-03-29 12:30:54.797 INFO  [] [main] c.u.j.encryptor.DefaultLazyEncryptor: String Encryptor custom Bean not found with name 'jasyptStringEncryptor'. Initializing Default String Encryptor
2026-03-29 12:30:54.805 INFO  [] [main] c.u.j.c.StringEncryptorBuilder: Encryptor config not found for property jasypt.encryptor.key-obtention-iterations, using default value: 1000
2026-03-29 12:30:54.805 INFO  [] [main] c.u.j.c.StringEncryptorBuilder: Encryptor config not found for property jasypt.encryptor.pool-size, using default value: 1
2026-03-29 12:30:54.805 INFO  [] [main] c.u.j.c.StringEncryptorBuilder: Encryptor config not found for property jasypt.encryptor.provider-name, using default value: null
2026-03-29 12:30:54.806 INFO  [] [main] c.u.j.c.StringEncryptorBuilder: Encryptor config not found for property jasypt.encryptor.provider-class-name, using default value: null
2026-03-29 12:30:54.806 INFO  [] [main] c.u.j.c.StringEncryptorBuilder: Encryptor config not found for property jasypt.encryptor.salt-generator-classname, using default value: org.jasypt.salt.RandomSaltGenerator
2026-03-29 12:30:54.807 INFO  [] [main] c.u.j.c.StringEncryptorBuilder: Encryptor config not found for property jasypt.encryptor.string-output-type, using default value: base64
2026-03-29 12:30:54.982 INFO  [] [main] o.h.jpa.internal.util.LogHelper: HHH000204: Processing PersistenceUnitInfo [name: default]
2026-03-29 12:30:55.049 INFO  [] [main] org.hibernate.Version: HHH000412: Hibernate ORM core version 6.6.33.Final
2026-03-29 12:30:55.082 INFO  [] [main] o.h.c.i.RegionFactoryInitiator: HHH000026: Second-level cache disabled
2026-03-29 12:30:55.345 INFO  [] [main] o.s.o.j.p.SpringPersistenceUnitInfo: No LoadTimeWeaver setup: ignoring JPA class transformer
2026-03-29 12:30:55.372 WARN  [] [main] com.zaxxer.hikari.HikariConfig: HikariPool-1 - idleTimeout has been set but has no effect because the pool is operating as a fixed size pool.
2026-03-29 12:30:55.372 INFO  [] [main] com.zaxxer.hikari.HikariDataSource: HikariPool-1 - Starting...
2026-03-29 12:30:55.705 INFO  [] [main] com.zaxxer.hikari.pool.HikariPool: HikariPool-1 - Added connection com.mysql.cj.jdbc.ConnectionImpl@3731e8b6
2026-03-29 12:30:55.707 INFO  [] [main] com.zaxxer.hikari.HikariDataSource: HikariPool-1 - Start completed.
2026-03-29 12:30:55.748 WARN  [] [main] org.hibernate.orm.deprecation: HHH90000025: MySQL8Dialect does not need to be specified explicitly using 'hibernate.dialect' (remove the property setting and it will be selected by default)
2026-03-29 12:30:55.749 WARN  [] [main] org.hibernate.orm.deprecation: HHH90000026: MySQL8Dialect has been deprecated; use org.hibernate.dialect.MySQLDialect instead
2026-03-29 12:30:55.767 INFO  [] [main] o.hibernate.orm.connections.pooling: HHH10001005: Database info:
	Database JDBC URL [Connecting through datasource 'HikariDataSource (HikariPool-1)']
	Database driver: undefined/unknown
	Database version: 8.0
	Autocommit mode: undefined/unknown
	Isolation level: undefined/unknown
	Minimum pool size: undefined/unknown
	Maximum pool size: undefined/unknown
2026-03-29 12:30:56.753 INFO  [] [main] o.h.e.t.j.p.i.JtaPlatformInitiator: HHH000489: No JTA platform available (set 'hibernate.transaction.jta.platform' to enable JTA platform integration)
2026-03-29 12:30:56.876 INFO  [] [main] o.s.o.j.LocalContainerEntityManagerFactoryBean: Initialized JPA EntityManagerFactory for persistence unit 'default'
2026-03-29 12:30:57.136 INFO  [] [main] o.s.d.j.r.query.QueryEnhancerFactory: Hibernate is in classpath; If applicable, HQL parser will be used.
2026-03-29 12:30:57.910 INFO  [] [main] o.s.s.c.a.a.c.InitializeUserDetailsBeanManagerConfigurer$InitializeUserDetailsManagerConfigurer: Global AuthenticationManager configured with UserDetailsService bean with name customUserDetailService
2026-03-29 12:30:58.021 WARN  [] [main] o.s.b.a.o.j.JpaBaseConfiguration$JpaWebConfiguration: spring.jpa.open-in-view is enabled by default. Therefore, database queries may be performed during view rendering. Explicitly configure spring.jpa.open-in-view to disable this warning
2026-03-29 12:30:58.747 INFO  [] [main] o.a.coyote.http11.Http11NioProtocol: Starting ProtocolHandler ["http-nio-8080"]
2026-03-29 12:30:58.762 INFO  [] [main] o.s.b.w.e.tomcat.TomcatWebServer: Tomcat started on port 8080 (http) with context path '/'
2026-03-29 12:30:58.762 INFO  [] [main] c.u.j.c.RefreshScopeRefreshedEventListener: Refreshing cached encryptable property sources on ServletWebServerInitializedEvent
2026-03-29 12:30:58.763 INFO  [] [main] c.u.j.c.CachingDelegateEncryptablePropertySource: Property Source systemProperties refreshed
2026-03-29 12:30:58.763 INFO  [] [main] c.u.j.c.CachingDelegateEncryptablePropertySource: Property Source systemEnvironment refreshed
2026-03-29 12:30:58.763 INFO  [] [main] c.u.j.c.CachingDelegateEncryptablePropertySource: Property Source random refreshed
2026-03-29 12:30:58.763 INFO  [] [main] c.u.j.c.CachingDelegateEncryptablePropertySource: Property Source Config resource 'class path resource [application-dev.properties]' via location 'optional:classpath:/' refreshed
2026-03-29 12:30:58.763 INFO  [] [main] c.u.j.c.CachingDelegateEncryptablePropertySource: Property Source applicationInfo refreshed
2026-03-29 12:30:58.763 INFO  [] [main] c.u.j.EncryptablePropertySourceConverter: Skipping PropertySource configurationProperties [class org.springframework.boot.context.properties.source.ConfigurationPropertySourcesPropertySource
2026-03-29 12:30:58.763 INFO  [] [main] c.u.j.EncryptablePropertySourceConverter: Skipping PropertySource servletConfigInitParams [class org.springframework.core.env.PropertySource$StubPropertySource
2026-03-29 12:30:58.763 INFO  [] [main] c.u.j.EncryptablePropertySourceConverter: Converting PropertySource servletContextInitParams [org.springframework.web.context.support.ServletContextPropertySource] to EncryptableEnumerablePropertySourceWrapper
2026-03-29 12:30:58.771 INFO  [] [main] o.s.s.config.TaskSchedulerRouter: No TaskScheduler/ScheduledExecutorService bean found for scheduled processing
2026-03-29 12:30:58.775 INFO  [] [main] c.j.h.o.h.HibernateApplication: Started HibernateApplication in 6.251 seconds (process running for 6.89)
2026-03-29 12:31:25.243 INFO  [] [http-nio-8080-exec-1] o.a.c.c.C.[Tomcat].[localhost].[/]: Initializing Spring DispatcherServlet 'dispatcherServlet'
2026-03-29 12:31:25.243 INFO  [] [http-nio-8080-exec-1] o.s.web.servlet.DispatcherServlet: Initializing Servlet 'dispatcherServlet'
2026-03-29 12:31:25.244 INFO  [] [http-nio-8080-exec-1] o.s.web.servlet.DispatcherServlet: Completed initialization in 1 ms
2026-03-29 12:31:25.381 INFO  [] [http-nio-8080-exec-1] c.j.h.o.h.c.home.HomeUIController: Начало работы метода: home
2026-03-29 12:31:25.382 INFO  [] [http-nio-8080-exec-1] c.j.h.o.h.c.home.HomeUIController: Завершение работы метода: home
2026-03-29 12:31:25.382 DEBUG [] [http-nio-8080-exec-1] c.j.h.o.h.c.home.HomeUIController: Параметры метода: [{appTitle=Мое крутое приложение, welcomeMessage=Добро пожаловать в нашу систему!, appName=quest, isAdmin=true, userId=12345, infoLinkText=Подробная информация, features=[Управление задачами, Отчеты и аналитика, Командная работа]}]
